<?xml version="1.0" encoding="UTF-8"?>
<testsuites name="Smoke Test" time="338" tests="6" failures="1" errors="0">
   <testsuite name="Smoke Test" tests="6" failures="1" errors="0" time="338" timestamp="2019-03-11 22:04:09" hostname="geela - 192.168.139.2" id="Test Suites/Smoke Test">
      <properties>
         <property name="deviceName" value="OPPO RMX1805 (Android 8.1.0)"/>
         <property name="devicePlatform" value=""/>
         <property name="logFolder" value="C:\\Users\\geela\\Katalon Studio\\Netzme Smoke Test\\Katalon\\Reports\\Smoke Test\\20190311_220406"/>
         <property name="logFiles" value="C:\\Users\\geela\\Katalon Studio\\Netzme Smoke Test\\Katalon\\Reports\\Smoke Test\\20190311_220406\\appium.log, C:\\Users\\geela\\Katalon Studio\\Netzme Smoke Test\\Katalon\\Reports\\Smoke Test\\20190311_220406\\execution0.log"/>
         <property name="attachments" value="C:\\Users\\geela\\Katalon Studio\\Netzme Smoke Test\\Katalon\\Reports\\Smoke Test\\20190311_220406\\1552316983630.png, C:\\Users\\geela\\Katalon Studio\\Netzme Smoke Test\\Katalon\\Reports\\Smoke Test\\20190311_220406\\1552316984562.png"/>
         <property name="hostName" value="geela - 192.168.139.2"/>
         <property name="os" value="Windows 10 64bit"/>
         <property name="katalonVersion" value="6.0.5.10"/>
         <property name="deviceOS" value="Android"/>
         <property name="appiumVersion" value="1.8.1"/>
         <property name="deviceModel" value="RMX1805"/>
         <property name="hostAddress" value="192.168.139.2"/>
         <property name="deviceManufacturer" value="OPPO"/>
         <property name="deviceId" value="b9decb5a"/>
         <property name="deviceName" value="OPPO RMX1805 (Android 8.1.0)"/>
         <property name="deviceOSVersion" value="8.1.0"/>
      </properties>
      <testcase name="Test Cases/Registrasi" classname="Test Cases/Registrasi" status="PASSED">
         <system-out><![CDATA[2019-03-11 22:04:10 - [TEST_CASE][PASSED] - Test Cases/Registrasi: Test Cases/Registrasi

2019-03-11 22:04:11 - [TEST_STEP][PASSED] - startApplication("C:\Users\geela\Katalon Studio\Netzme Smoke Test\Katalon\Data Files\Netzme.apk", true): Started app at: 'C:\Users\geela\Katalon Studio\Netzme Smoke Test\Katalon\Data Files\Netzme.apk'

2019-03-11 22:04:18 - [MESSAGE][INFO] - Appium server started on port 51,218

2019-03-11 22:05:06 - [MESSAGE][PASSED] - Started app at: 'C:\Users\geela\Katalon Studio\Netzme Smoke Test\Katalon\Data Files\Netzme.apk'

2019-03-11 22:05:06 - [TEST_STEP][PASSED] - delay(15, CONTINUE_ON_FAILURE): Delayed 15 second(s)

2019-03-11 22:05:21 - [MESSAGE][PASSED] - Delayed 15 second(s)

2019-03-11 22:05:21 - [TEST_STEP][PASSED] - tap(findTestObject("Registrasi/Reg.button - NEXT"), 5): Tapped on element 'Object Repository/Registrasi/Reg.button - NEXT'

2019-03-11 22:05:23 - [MESSAGE][PASSED] - Tapped on element 'Object Repository/Registrasi/Reg.button - NEXT'

2019-03-11 22:05:23 - [TEST_STEP][PASSED] - tap(findTestObject("Registrasi/Reg.button - NEXT"), 5): Tapped on element 'Object Repository/Registrasi/Reg.button - NEXT'

2019-03-11 22:05:25 - [MESSAGE][PASSED] - Tapped on element 'Object Repository/Registrasi/Reg.button - NEXT'

2019-03-11 22:05:25 - [TEST_STEP][PASSED] - tap(findTestObject("Registrasi/Reg.button - NEXT"), 5): Tapped on element 'Object Repository/Registrasi/Reg.button - NEXT'

2019-03-11 22:05:26 - [MESSAGE][PASSED] - Tapped on element 'Object Repository/Registrasi/Reg.button - NEXT'

2019-03-11 22:05:26 - [TEST_STEP][PASSED] - tap(findTestObject("Registrasi/Reg.button - NEXT"), 5): Tapped on element 'Object Repository/Registrasi/Reg.button - NEXT'

2019-03-11 22:05:28 - [MESSAGE][PASSED] - Tapped on element 'Object Repository/Registrasi/Reg.button - NEXT'

2019-03-11 22:05:28 - [TEST_STEP][PASSED] - tap(findTestObject("Registrasi/Reg.button - NEXT"), 5): Tapped on element 'Object Repository/Registrasi/Reg.button - NEXT'

2019-03-11 22:05:29 - [MESSAGE][PASSED] - Tapped on element 'Object Repository/Registrasi/Reg.button - NEXT'

2019-03-11 22:05:29 - [TEST_STEP][PASSED] - tap(findTestObject("Registrasi/Reg.button - JOIN NOW"), 5): Tapped on element 'Object Repository/Registrasi/Reg.button - JOIN NOW'

2019-03-11 22:05:31 - [MESSAGE][PASSED] - Tapped on element 'Object Repository/Registrasi/Reg.button - JOIN NOW'

2019-03-11 22:05:31 - [TEST_STEP][PASSED] - setText(findTestObject("Registrasi/Reg.button - Phone number"), "08995097655", 5): Text '08995097655' has been set to element 'Object Repository/Registrasi/Reg.button - Phone number'

2019-03-11 22:05:33 - [MESSAGE][PASSED] - Text '08995097655' has been set to element 'Object Repository/Registrasi/Reg.button - Phone number'

2019-03-11 22:05:33 - [TEST_STEP][PASSED] - tap(findTestObject("Registrasi/Reg.Checkbock - Term  condition"), 5): Tapped on element 'Object Repository/Registrasi/Reg.Checkbock - Term  condition'

2019-03-11 22:05:34 - [MESSAGE][PASSED] - Tapped on element 'Object Repository/Registrasi/Reg.Checkbock - Term  condition'

2019-03-11 22:05:34 - [TEST_STEP][PASSED] - tap(findTestObject("Registrasi/Reg.button - REGISTER"), 5): Tapped on element 'Object Repository/Registrasi/Reg.button - REGISTER'

2019-03-11 22:05:37 - [MESSAGE][PASSED] - Tapped on element 'Object Repository/Registrasi/Reg.button - REGISTER'

2019-03-11 22:05:37 - [TEST_STEP][PASSED] - setText(findTestObject("Registrasi/android.widget.EditText0"), "0000", 5): Text '0000' has been set to element 'Object Repository/Registrasi/android.widget.EditText0'

2019-03-11 22:05:38 - [MESSAGE][PASSED] - Text '0000' has been set to element 'Object Repository/Registrasi/android.widget.EditText0'

2019-03-11 22:05:38 - [TEST_STEP][PASSED] - tap(findTestObject("Registrasi/Reg.button - VERIFY"), 5): Tapped on element 'Object Repository/Registrasi/Reg.button - VERIFY'

2019-03-11 22:05:41 - [MESSAGE][PASSED] - Tapped on element 'Object Repository/Registrasi/Reg.button - VERIFY'

2019-03-11 22:05:41 - [TEST_STEP][PASSED] - tap(findTestObject("General/Button permission - Allow"), 10): Tapped on element 'Object Repository/General/Button permission - Allow'

2019-03-11 22:05:49 - [MESSAGE][PASSED] - Tapped on element 'Object Repository/General/Button permission - Allow'

2019-03-11 22:05:49 - [TEST_STEP][PASSED] - clearText(findTestObject("Posting story photo live/android.widget.EditText0 - Ganti Nick Name"), 2): Element 'Object Repository/Posting story photo live/android.widget.EditText0 - Ganti Nick Name' text is cleared

2019-03-11 22:05:49 - [MESSAGE][PASSED] - Element 'Object Repository/Posting story photo live/android.widget.EditText0 - Ganti Nick Name' text is cleared

2019-03-11 22:05:49 - [TEST_STEP][PASSED] - delay(1, CONTINUE_ON_FAILURE): Delayed 1 second(s)

2019-03-11 22:05:50 - [MESSAGE][PASSED] - Delayed 1 second(s)

2019-03-11 22:05:50 - [TEST_STEP][PASSED] - setText(findTestObject("Posting story photo live/android.widget.EditText0 - Enter your name here"), "QA Netzme", 2): Text 'QA Netzme' has been set to element 'Object Repository/Posting story photo live/android.widget.EditText0 - Enter your name here'

2019-03-11 22:05:53 - [MESSAGE][PASSED] - Text 'QA Netzme' has been set to element 'Object Repository/Posting story photo live/android.widget.EditText0 - Enter your name here'

2019-03-11 22:05:53 - [TEST_STEP][PASSED] - tap(findTestObject("Registrasi/Reg.button - SAVE"), 5): Tapped on element 'Object Repository/Registrasi/Reg.button - SAVE'

2019-03-11 22:05:55 - [MESSAGE][PASSED] - Tapped on element 'Object Repository/Registrasi/Reg.button - SAVE'

2019-03-11 22:05:55 - [TEST_STEP][PASSED] - delay(15, CONTINUE_ON_FAILURE): Delayed 15 second(s)

2019-03-11 22:06:10 - [MESSAGE][PASSED] - Delayed 15 second(s)

2019-03-11 22:06:10 - [TEST_STEP][PASSED] - tap(findTestObject("Registrasi/Reg.checkbox - Dont show me again"), 30): Tapped on element 'Object Repository/Registrasi/Reg.checkbox - Dont show me again'

2019-03-11 22:06:12 - [MESSAGE][PASSED] - Tapped on element 'Object Repository/Registrasi/Reg.checkbox - Dont show me again'

2019-03-11 22:06:12 - [TEST_STEP][PASSED] - delay(5, CONTINUE_ON_FAILURE): Delayed 5 second(s)

2019-03-11 22:06:17 - [MESSAGE][PASSED] - Delayed 5 second(s)

2019-03-11 22:06:17 - [TEST_STEP][PASSED] - tap(findTestObject("Registrasi/Reg.button - CLOSE"), 5): Tapped on element 'Object Repository/Registrasi/Reg.button - CLOSE'

2019-03-11 22:06:19 - [MESSAGE][PASSED] - Tapped on element 'Object Repository/Registrasi/Reg.button - CLOSE']]></system-out>
         <system-err><![CDATA[]]></system-err>
      </testcase>
      <testcase name="Test Cases/Kirim pesan text" classname="Test Cases/Kirim pesan text" status="PASSED">
         <system-out><![CDATA[2019-03-11 22:06:19 - [TEST_CASE][PASSED] - Test Cases/Kirim pesan text: Test Cases/Kirim pesan text

2019-03-11 22:06:19 - [TEST_STEP][PASSED] - tap(findTestObject("Smoke Test/android.widget.ImageButton3"), 3): Tapped on element 'Object Repository/Smoke Test/android.widget.ImageButton3'

2019-03-11 22:06:21 - [MESSAGE][PASSED] - Tapped on element 'Object Repository/Smoke Test/android.widget.ImageButton3'

2019-03-11 22:06:21 - [TEST_STEP][PASSED] - tap(findTestObject("Smoke Test/android.widget.TextView3 - 08995097601"), 3): Tapped on element 'Object Repository/Smoke Test/android.widget.TextView3 - 08995097601'

2019-03-11 22:06:24 - [MESSAGE][PASSED] - Tapped on element 'Object Repository/Smoke Test/android.widget.TextView3 - 08995097601'

2019-03-11 22:06:24 - [TEST_STEP][PASSED] - setText(findTestObject("Smoke Test/android.widget.EditText0 - Type message here"), "Test kirim pesan", 3): Text 'Test kirim pesan' has been set to element 'Object Repository/Smoke Test/android.widget.EditText0 - Type message here'

2019-03-11 22:06:25 - [MESSAGE][PASSED] - Text 'Test kirim pesan' has been set to element 'Object Repository/Smoke Test/android.widget.EditText0 - Type message here'

2019-03-11 22:06:25 - [TEST_STEP][PASSED] - tap(findTestObject("Smoke Test/android.widget.ImageButton0"), 3): Tapped on element 'Object Repository/Smoke Test/android.widget.ImageButton0'

2019-03-11 22:06:28 - [MESSAGE][PASSED] - Tapped on element 'Object Repository/Smoke Test/android.widget.ImageButton0'

2019-03-11 22:06:28 - [TEST_STEP][PASSED] - tap(findTestObject("Smoke Test/android.widget.ImageButton1"), 3): Tapped on element 'Object Repository/Smoke Test/android.widget.ImageButton1'

2019-03-11 22:06:30 - [MESSAGE][PASSED] - Tapped on element 'Object Repository/Smoke Test/android.widget.ImageButton1']]></system-out>
         <system-err><![CDATA[]]></system-err>
      </testcase>
      <testcase name="Test Cases/Kirim pesan gambar" classname="Test Cases/Kirim pesan gambar" status="PASSED">
         <system-out><![CDATA[2019-03-11 22:06:30 - [TEST_CASE][PASSED] - Test Cases/Kirim pesan gambar: Test Cases/Kirim pesan gambar

2019-03-11 22:06:31 - [TEST_STEP][PASSED] - tap(findTestObject("Smoke Test/android.widget.ImageButton3"), 3): Tapped on element 'Object Repository/Smoke Test/android.widget.ImageButton3'

2019-03-11 22:06:32 - [MESSAGE][PASSED] - Tapped on element 'Object Repository/Smoke Test/android.widget.ImageButton3'

2019-03-11 22:06:32 - [TEST_STEP][PASSED] - tap(findTestObject("Smoke Test/android.widget.TextView3 - 08995097601 (1)"), 3): Tapped on element 'Object Repository/Smoke Test/android.widget.TextView3 - 08995097601 (1)'

2019-03-11 22:06:34 - [MESSAGE][PASSED] - Tapped on element 'Object Repository/Smoke Test/android.widget.TextView3 - 08995097601 (1)'

2019-03-11 22:06:34 - [TEST_STEP][PASSED] - tap(findTestObject("Smoke Test/android.widget.ImageButton0 (1)"), 3): Tapped on element 'Object Repository/Smoke Test/android.widget.ImageButton0 (1)'

2019-03-11 22:06:36 - [MESSAGE][PASSED] - Tapped on element 'Object Repository/Smoke Test/android.widget.ImageButton0 (1)'

2019-03-11 22:06:36 - [TEST_STEP][PASSED] - tap(findTestObject("Smoke Test/android.widget.Button1 - Allow"), 3): Tapped on element 'Object Repository/Smoke Test/android.widget.Button1 - Allow'

2019-03-11 22:06:38 - [MESSAGE][PASSED] - Tapped on element 'Object Repository/Smoke Test/android.widget.Button1 - Allow'

2019-03-11 22:06:38 - [TEST_STEP][PASSED] - tap(findTestObject("Smoke Test/android.widget.TextView2 - PHOTO"), 3): Tapped on element 'Object Repository/Smoke Test/android.widget.TextView2 - PHOTO'

2019-03-11 22:06:40 - [MESSAGE][PASSED] - Tapped on element 'Object Repository/Smoke Test/android.widget.TextView2 - PHOTO'

2019-03-11 22:06:40 - [TEST_STEP][PASSED] - tap(findTestObject("Smoke Test/android.widget.ToggleButton1"), 3): Tapped on element 'Object Repository/Smoke Test/android.widget.ToggleButton1'

2019-03-11 22:06:41 - [MESSAGE][PASSED] - Tapped on element 'Object Repository/Smoke Test/android.widget.ToggleButton1'

2019-03-11 22:06:41 - [TEST_STEP][PASSED] - tap(findTestObject("Smoke Test/android.widget.ImageButton0 (2)"), 3): Tapped on element 'Object Repository/Smoke Test/android.widget.ImageButton0 (2)'

2019-03-11 22:06:44 - [MESSAGE][PASSED] - Tapped on element 'Object Repository/Smoke Test/android.widget.ImageButton0 (2)'

2019-03-11 22:06:44 - [TEST_STEP][PASSED] - setText(findTestObject("Smoke Test/android.widget.EditText0 - Describe your photo"), "Kirim pesan gambar", 3): Text 'Kirim pesan gambar' has been set to element 'Object Repository/Smoke Test/android.widget.EditText0 - Describe your photo'

2019-03-11 22:06:45 - [MESSAGE][PASSED] - Text 'Kirim pesan gambar' has been set to element 'Object Repository/Smoke Test/android.widget.EditText0 - Describe your photo'

2019-03-11 22:06:45 - [TEST_STEP][PASSED] - tap(findTestObject("Smoke Test/android.widget.TextView2 - SEND"), 3): Tapped on element 'Object Repository/Smoke Test/android.widget.TextView2 - SEND'

2019-03-11 22:06:48 - [MESSAGE][PASSED] - Tapped on element 'Object Repository/Smoke Test/android.widget.TextView2 - SEND'

2019-03-11 22:06:48 - [TEST_STEP][PASSED] - delay(10, CONTINUE_ON_FAILURE): Delayed 10 second(s)

2019-03-11 22:06:58 - [MESSAGE][PASSED] - Delayed 10 second(s)

2019-03-11 22:06:58 - [TEST_STEP][PASSED] - tap(findTestObject("Smoke Test/android.widget.ImageButton1"), 3): Tapped on element 'Object Repository/Smoke Test/android.widget.ImageButton1'

2019-03-11 22:07:00 - [MESSAGE][PASSED] - Tapped on element 'Object Repository/Smoke Test/android.widget.ImageButton1']]></system-out>
         <system-err><![CDATA[]]></system-err>
      </testcase>
      <testcase name="Test Cases/Kirim pesan video" classname="Test Cases/Kirim pesan video" status="PASSED">
         <system-out><![CDATA[2019-03-11 22:07:00 - [TEST_CASE][PASSED] - Test Cases/Kirim pesan video: Test Cases/Kirim pesan video

2019-03-11 22:07:01 - [TEST_STEP][PASSED] - tap(findTestObject("Smoke Test/android.widget.ImageButton3"), 2): Tapped on element 'Object Repository/Smoke Test/android.widget.ImageButton3'

2019-03-11 22:07:02 - [MESSAGE][PASSED] - Tapped on element 'Object Repository/Smoke Test/android.widget.ImageButton3'

2019-03-11 22:07:02 - [TEST_STEP][PASSED] - tap(findTestObject("Smoke Test/android.widget.TextView3 - 08995097601 (1)"), 2): Tapped on element 'Object Repository/Smoke Test/android.widget.TextView3 - 08995097601 (1)'

2019-03-11 22:07:04 - [MESSAGE][PASSED] - Tapped on element 'Object Repository/Smoke Test/android.widget.TextView3 - 08995097601 (1)'

2019-03-11 22:07:04 - [TEST_STEP][PASSED] - tap(findTestObject("Smoke Test/android.widget.ImageButton0 (1)"), 2): Tapped on element 'Object Repository/Smoke Test/android.widget.ImageButton0 (1)'

2019-03-11 22:07:06 - [MESSAGE][PASSED] - Tapped on element 'Object Repository/Smoke Test/android.widget.ImageButton0 (1)'

2019-03-11 22:07:06 - [TEST_STEP][PASSED] - tap(findTestObject("Smoke Test/android.widget.TextView0 - VIDEO"), 2): Tapped on element 'Object Repository/Smoke Test/android.widget.TextView0 - VIDEO'

2019-03-11 22:07:08 - [MESSAGE][PASSED] - Tapped on element 'Object Repository/Smoke Test/android.widget.TextView0 - VIDEO'

2019-03-11 22:07:08 - [TEST_STEP][PASSED] - tap(findTestObject("Smoke Test/android.widget.ImageButton0 (3)"), 2): Tapped on element 'Object Repository/Smoke Test/android.widget.ImageButton0 (3)'

2019-03-11 22:07:19 - [MESSAGE][PASSED] - Tapped on element 'Object Repository/Smoke Test/android.widget.ImageButton0 (3)'

2019-03-11 22:07:19 - [TEST_STEP][PASSED] - delay(3, CONTINUE_ON_FAILURE): Delayed 3 second(s)

2019-03-11 22:07:22 - [MESSAGE][PASSED] - Delayed 3 second(s)

2019-03-11 22:07:22 - [TEST_STEP][PASSED] - tap(findTestObject("Smoke Test/android.widget.ImageButton0 (4)"), 5): Tapped on element 'Object Repository/Smoke Test/android.widget.ImageButton0 (4)'

2019-03-11 22:08:33 - [MESSAGE][PASSED] - Tapped on element 'Object Repository/Smoke Test/android.widget.ImageButton0 (4)'

2019-03-11 22:08:33 - [TEST_STEP][PASSED] - setText(findTestObject("Smoke Test/android.widget.EditText0 - Describe your video"), "Kirim video lewat telpon", 2): Text 'Kirim video lewat telpon' has been set to element 'Object Repository/Smoke Test/android.widget.EditText0 - Describe your video'

2019-03-11 22:08:37 - [MESSAGE][PASSED] - Text 'Kirim video lewat telpon' has been set to element 'Object Repository/Smoke Test/android.widget.EditText0 - Describe your video'

2019-03-11 22:08:37 - [TEST_STEP][PASSED] - tap(findTestObject("Smoke Test/android.widget.TextView2 - SEND (1)"), 2): Tapped on element 'Object Repository/Smoke Test/android.widget.TextView2 - SEND (1)'

2019-03-11 22:08:40 - [MESSAGE][PASSED] - Tapped on element 'Object Repository/Smoke Test/android.widget.TextView2 - SEND (1)'

2019-03-11 22:08:40 - [TEST_STEP][PASSED] - tap(findTestObject("Smoke Test/android.widget.Button0 - GOT IT"), 2): Tapped on element 'Object Repository/Smoke Test/android.widget.Button0 - GOT IT'

2019-03-11 22:08:41 - [MESSAGE][PASSED] - Tapped on element 'Object Repository/Smoke Test/android.widget.Button0 - GOT IT'

2019-03-11 22:08:41 - [TEST_STEP][PASSED] - delay(15, CONTINUE_ON_FAILURE): Delayed 15 second(s)

2019-03-11 22:08:56 - [MESSAGE][PASSED] - Delayed 15 second(s)

2019-03-11 22:08:56 - [TEST_STEP][PASSED] - tap(findTestObject("Smoke Test/android.widget.ImageButton1"), 2): Tapped on element 'Object Repository/Smoke Test/android.widget.ImageButton1'

2019-03-11 22:08:58 - [MESSAGE][PASSED] - Tapped on element 'Object Repository/Smoke Test/android.widget.ImageButton1']]></system-out>
         <system-err><![CDATA[]]></system-err>
      </testcase>
      <testcase name="Test Cases/Ganti PP" classname="Test Cases/Ganti PP" status="PASSED">
         <system-out><![CDATA[2019-03-11 22:08:58 - [TEST_CASE][PASSED] - Test Cases/Ganti PP: Test Cases/Ganti PP

2019-03-11 22:08:59 - [TEST_STEP][PASSED] - tap(findTestObject("Smoke Test/android.widget.ImageButton3"), 1): Tapped on element 'Object Repository/Smoke Test/android.widget.ImageButton3'

2019-03-11 22:09:03 - [MESSAGE][PASSED] - Tapped on element 'Object Repository/Smoke Test/android.widget.ImageButton3'

2019-03-11 22:09:03 - [TEST_STEP][PASSED] - tap(findTestObject("Ganti PP/android.widget.ImageView25"), 1): Tapped on element 'Object Repository/Ganti PP/android.widget.ImageView25'

2019-03-11 22:09:05 - [MESSAGE][PASSED] - Tapped on element 'Object Repository/Ganti PP/android.widget.ImageView25'

2019-03-11 22:09:05 - [TEST_STEP][PASSED] - tap(findTestObject("Ganti PP/android.widget.Button0 - GOT IT"), 1): Tapped on element 'Object Repository/Ganti PP/android.widget.Button0 - GOT IT'

2019-03-11 22:09:07 - [MESSAGE][PASSED] - Tapped on element 'Object Repository/Ganti PP/android.widget.Button0 - GOT IT'

2019-03-11 22:09:07 - [TEST_STEP][PASSED] - tap(findTestObject("Ganti PP/android.widget.RelativeLayout5"), 1): Tapped on element 'Object Repository/Ganti PP/android.widget.RelativeLayout5'

2019-03-11 22:09:09 - [MESSAGE][PASSED] - Tapped on element 'Object Repository/Ganti PP/android.widget.RelativeLayout5'

2019-03-11 22:09:09 - [TEST_STEP][PASSED] - tap(findTestObject("Ganti PP/android.widget.RelativeLayout1"), 1): Tapped on element 'Object Repository/Ganti PP/android.widget.RelativeLayout1'

2019-03-11 22:09:11 - [MESSAGE][PASSED] - Tapped on element 'Object Repository/Ganti PP/android.widget.RelativeLayout1'

2019-03-11 22:09:11 - [TEST_STEP][PASSED] - tap(findTestObject("Ganti PP/android.widget.ImageButton0"), 1): Tapped on element 'Object Repository/Ganti PP/android.widget.ImageButton0'

2019-03-11 22:09:12 - [MESSAGE][PASSED] - Tapped on element 'Object Repository/Ganti PP/android.widget.ImageButton0'

2019-03-11 22:09:12 - [TEST_STEP][PASSED] - tap(findTestObject("Ganti PP/android.widget.Button0 - CROP"), 1): Tapped on element 'Object Repository/Ganti PP/android.widget.Button0 - CROP'

2019-03-11 22:09:14 - [MESSAGE][PASSED] - Tapped on element 'Object Repository/Ganti PP/android.widget.Button0 - CROP'

2019-03-11 22:09:14 - [TEST_STEP][PASSED] - setText(findTestObject("Ganti PP/android.widget.EditText0 - Describe your photo"), "Ganti Photo Profile", 1): Text 'Ganti Photo Profile' has been set to element 'Object Repository/Ganti PP/android.widget.EditText0 - Describe your photo'

2019-03-11 22:09:16 - [MESSAGE][PASSED] - Text 'Ganti Photo Profile' has been set to element 'Object Repository/Ganti PP/android.widget.EditText0 - Describe your photo'

2019-03-11 22:09:16 - [TEST_STEP][PASSED] - tap(findTestObject("Ganti PP/android.widget.TextView1 - SAVE"), 1): Tapped on element 'Object Repository/Ganti PP/android.widget.TextView1 - SAVE'

2019-03-11 22:09:18 - [MESSAGE][PASSED] - Tapped on element 'Object Repository/Ganti PP/android.widget.TextView1 - SAVE'

2019-03-11 22:09:18 - [TEST_STEP][PASSED] - tap(findTestObject("Ganti PP/android.widget.Button0 - SAVE"), 1): Tapped on element 'Object Repository/Ganti PP/android.widget.Button0 - SAVE'

2019-03-11 22:09:20 - [MESSAGE][PASSED] - Tapped on element 'Object Repository/Ganti PP/android.widget.Button0 - SAVE'

2019-03-11 22:09:20 - [TEST_STEP][PASSED] - tap(findTestObject("Ganti PP/android.widget.ImageButton0 (1)"), 1): Tapped on element 'Object Repository/Ganti PP/android.widget.ImageButton0 (1)'

2019-03-11 22:09:22 - [MESSAGE][PASSED] - Tapped on element 'Object Repository/Ganti PP/android.widget.ImageButton0 (1)']]></system-out>
         <system-err><![CDATA[]]></system-err>
      </testcase>
      <testcase name="Test Cases/Ganti Nick Name" classname="Test Cases/Ganti Nick Name" status="PASSED">
         <system-out><![CDATA[2019-03-11 22:09:22 - [TEST_CASE][PASSED] - Test Cases/Ganti Nick Name: Test Cases/Ganti Nick Name

2019-03-11 22:09:22 - [TEST_STEP][PASSED] - tap(findTestObject("Ganti Nick Name/android.widget.ImageButton3"), 3): Tapped on element 'Object Repository/Ganti Nick Name/android.widget.ImageButton3'

2019-03-11 22:09:26 - [MESSAGE][PASSED] - Tapped on element 'Object Repository/Ganti Nick Name/android.widget.ImageButton3'

2019-03-11 22:09:26 - [TEST_STEP][PASSED] - tap(findTestObject("Ganti Nick Name/android.widget.ImageView25"), 3): Tapped on element 'Object Repository/Ganti Nick Name/android.widget.ImageView25'

2019-03-11 22:09:28 - [MESSAGE][PASSED] - Tapped on element 'Object Repository/Ganti Nick Name/android.widget.ImageView25'

2019-03-11 22:09:28 - [TEST_STEP][PASSED] - tap(findTestObject("Posting story photo live/android.widget.TextView8 - QA Netzme"), 0): Tapped on element 'Object Repository/Posting story photo live/android.widget.TextView8 - QA Netzme'

2019-03-11 22:09:28 - [MESSAGE][WARNING] - Timeout '0' is invalid. Using default page load timeout: '30'

2019-03-11 22:09:30 - [MESSAGE][PASSED] - Tapped on element 'Object Repository/Posting story photo live/android.widget.TextView8 - QA Netzme'

2019-03-11 22:09:30 - [TEST_STEP][PASSED] - clearText(findTestObject("Posting story photo live/android.widget.EditText0 - QA Netzme"), 0): Element 'Object Repository/Posting story photo live/android.widget.EditText0 - QA Netzme' text is cleared

2019-03-11 22:09:30 - [MESSAGE][WARNING] - Timeout '0' is invalid. Using default page load timeout: '30'

2019-03-11 22:09:30 - [MESSAGE][PASSED] - Element 'Object Repository/Posting story photo live/android.widget.EditText0 - QA Netzme' text is cleared

2019-03-11 22:09:30 - [TEST_STEP][PASSED] - setText(findTestObject("Ganti Nick Name/android.widget.EditText0 - Your name"), "Ganti Nick Name", 3): Text 'Ganti Nick Name' has been set to element 'Object Repository/Ganti Nick Name/android.widget.EditText0 - Your name'

2019-03-11 22:09:32 - [MESSAGE][PASSED] - Text 'Ganti Nick Name' has been set to element 'Object Repository/Ganti Nick Name/android.widget.EditText0 - Your name'

2019-03-11 22:09:32 - [TEST_STEP][PASSED] - tap(findTestObject("Ganti Nick Name/android.widget.Button0 - SAVE"), 3): Tapped on element 'Object Repository/Ganti Nick Name/android.widget.Button0 - SAVE'

2019-03-11 22:09:34 - [MESSAGE][PASSED] - Tapped on element 'Object Repository/Ganti Nick Name/android.widget.Button0 - SAVE'

2019-03-11 22:09:34 - [TEST_STEP][PASSED] - tap(findTestObject("Ganti Nick Name/android.widget.ImageButton0"), 3): Tapped on element 'Object Repository/Ganti Nick Name/android.widget.ImageButton0'

2019-03-11 22:09:37 - [MESSAGE][PASSED] - Tapped on element 'Object Repository/Ganti Nick Name/android.widget.ImageButton0']]></system-out>
         <system-err><![CDATA[]]></system-err>
      </testcase>
      <testcase name="Test Cases/Posting story photo live" classname="Test Cases/Posting story photo live" status="FAILED">
         <failure type="FAILED" message="Test Cases/Posting story photo live FAILED.
Reason:
com.kms.katalon.core.exception.StepFailedException: Failed to tap on element 'Object Repository/Posting story photo live/android.widget.CheckBox0 - Dont show me again (1)'
	at com.kms.katalon.core.keyword.internal.KeywordMain.stepFailed(KeywordMain.groovy:48)
	at com.kms.katalon.core.mobile.keyword.internal.MobileKeywordMain.stepFailed(MobileKeywordMain.groovy:40)
	at com.kms.katalon.core.mobile.keyword.internal.MobileKeywordMain.runKeyword(MobileKeywordMain.groovy:23)
	at com.kms.katalon.core.mobile.keyword.builtin.TapKeyword.tap(TapKeyword.groovy:83)
	at com.kms.katalon.core.mobile.keyword.builtin.TapKeyword.execute(TapKeyword.groovy:66)
	at com.kms.katalon.core.keyword.internal.KeywordExecutor.executeKeywordForPlatform(KeywordExecutor.groovy:56)
	at com.kms.katalon.core.mobile.keyword.MobileBuiltInKeywords.tap(MobileBuiltInKeywords.groovy:485)
	at com.kms.katalon.core.mobile.keyword.MobileBuiltInKeywords$tap$0.call(Unknown Source)
	at Posting story photo live.run(Posting story photo live:21)
	at com.kms.katalon.core.main.ScriptEngine.run(ScriptEngine.java:194)
	at com.kms.katalon.core.main.ScriptEngine.runScriptAsRawText(ScriptEngine.java:119)
	at com.kms.katalon.core.main.TestCaseExecutor.runScript(TestCaseExecutor.java:331)
	at com.kms.katalon.core.main.TestCaseExecutor.doExecute(TestCaseExecutor.java:322)
	at com.kms.katalon.core.main.TestCaseExecutor.processExecutionPhase(TestCaseExecutor.java:301)
	at com.kms.katalon.core.main.TestCaseExecutor.accessMainPhase(TestCaseExecutor.java:293)
	at com.kms.katalon.core.main.TestCaseExecutor.execute(TestCaseExecutor.java:227)
	at com.kms.katalon.core.main.TestSuiteExecutor.accessTestCaseMainPhase(TestSuiteExecutor.java:129)
	at com.kms.katalon.core.main.TestSuiteExecutor.accessTestSuiteMainPhase(TestSuiteExecutor.java:112)
	at com.kms.katalon.core.main.TestSuiteExecutor.execute(TestSuiteExecutor.java:81)
	at com.kms.katalon.core.main.TestCaseMain.startTestSuite(TestCaseMain.java:157)
	at com.kms.katalon.core.main.TestCaseMain$startTestSuite$0.call(Unknown Source)
	at TempTestSuite1552316646308.run(TempTestSuite1552316646308.groovy:35)
"/>
         <system-out><![CDATA[2019-03-11 22:09:37 - [TEST_CASE][FAILED] - Test Cases/Posting story photo live: Test Cases/Posting story photo live FAILED.
Reason:
com.kms.katalon.core.exception.StepFailedException: Failed to tap on element 'Object Repository/Posting story photo live/android.widget.CheckBox0 - Dont show me again (1)'
	at com.kms.katalon.core.keyword.internal.KeywordMain.stepFailed(KeywordMain.groovy:48)
	at com.kms.katalon.core.mobile.keyword.internal.MobileKeywordMain.stepFailed(MobileKeywordMain.groovy:40)
	at com.kms.katalon.core.mobile.keyword.internal.MobileKeywordMain.runKeyword(MobileKeywordMain.groovy:23)
	at com.kms.katalon.core.mobile.keyword.builtin.TapKeyword.tap(TapKeyword.groovy:83)
	at com.kms.katalon.core.mobile.keyword.builtin.TapKeyword.execute(TapKeyword.groovy:66)
	at com.kms.katalon.core.keyword.internal.KeywordExecutor.executeKeywordForPlatform(KeywordExecutor.groovy:56)
	at com.kms.katalon.core.mobile.keyword.MobileBuiltInKeywords.tap(MobileBuiltInKeywords.groovy:485)
	at com.kms.katalon.core.mobile.keyword.MobileBuiltInKeywords$tap$0.call(Unknown Source)
	at Posting story photo live.run(Posting story photo live:21)
	at com.kms.katalon.core.main.ScriptEngine.run(ScriptEngine.java:194)
	at com.kms.katalon.core.main.ScriptEngine.runScriptAsRawText(ScriptEngine.java:119)
	at com.kms.katalon.core.main.TestCaseExecutor.runScript(TestCaseExecutor.java:331)
	at com.kms.katalon.core.main.TestCaseExecutor.doExecute(TestCaseExecutor.java:322)
	at com.kms.katalon.core.main.TestCaseExecutor.processExecutionPhase(TestCaseExecutor.java:301)
	at com.kms.katalon.core.main.TestCaseExecutor.accessMainPhase(TestCaseExecutor.java:293)
	at com.kms.katalon.core.main.TestCaseExecutor.execute(TestCaseExecutor.java:227)
	at com.kms.katalon.core.main.TestSuiteExecutor.accessTestCaseMainPhase(TestSuiteExecutor.java:129)
	at com.kms.katalon.core.main.TestSuiteExecutor.accessTestSuiteMainPhase(TestSuiteExecutor.java:112)
	at com.kms.katalon.core.main.TestSuiteExecutor.execute(TestSuiteExecutor.java:81)
	at com.kms.katalon.core.main.TestCaseMain.startTestSuite(TestCaseMain.java:157)
	at com.kms.katalon.core.main.TestCaseMain$startTestSuite$0.call(Unknown Source)
	at TempTestSuite1552316646308.run(TempTestSuite1552316646308.groovy:35)


2019-03-11 22:09:37 - [TEST_STEP][PASSED] - tap(findTestObject("Smoke Test/android.widget.ImageButton3"), 2): Tapped on element 'Object Repository/Smoke Test/android.widget.ImageButton3'

2019-03-11 22:09:39 - [MESSAGE][PASSED] - Tapped on element 'Object Repository/Smoke Test/android.widget.ImageButton3'

2019-03-11 22:09:39 - [TEST_STEP][PASSED] - tap(findTestObject("Posting story photo live/android.widget.ImageButton0 (2)"), 2): Tapped on element 'Object Repository/Posting story photo live/android.widget.ImageButton0 (2)'

2019-03-11 22:09:41 - [MESSAGE][PASSED] - Tapped on element 'Object Repository/Posting story photo live/android.widget.ImageButton0 (2)'

2019-03-11 22:09:41 - [TEST_STEP][FAILED] - tap(findTestObject("Posting story photo live/android.widget.CheckBox0 - Dont show me again (1)"), 2): tap(findTestObject("Posting story photo live/android.widget.CheckBox0 - Dont show me again (1)"), 2) FAILED.
Reason:
com.kms.katalon.core.exception.StepFailedException: Failed to tap on element 'Object Repository/Posting story photo live/android.widget.CheckBox0 - Dont show me again (1)'
	at com.kms.katalon.core.keyword.internal.KeywordMain.stepFailed(KeywordMain.groovy:48)
	at com.kms.katalon.core.mobile.keyword.internal.MobileKeywordMain.stepFailed(MobileKeywordMain.groovy:40)
	at com.kms.katalon.core.mobile.keyword.internal.MobileKeywordMain.runKeyword(MobileKeywordMain.groovy:23)
	at com.kms.katalon.core.mobile.keyword.builtin.TapKeyword.tap(TapKeyword.groovy:83)
	at com.kms.katalon.core.mobile.keyword.builtin.TapKeyword.execute(TapKeyword.groovy:66)
	at com.kms.katalon.core.keyword.internal.KeywordExecutor.executeKeywordForPlatform(KeywordExecutor.groovy:56)
	at com.kms.katalon.core.mobile.keyword.MobileBuiltInKeywords.tap(MobileBuiltInKeywords.groovy:485)
	at com.kms.katalon.core.mobile.keyword.MobileBuiltInKeywords$tap$0.call(Unknown Source)
	at Posting story photo live.run(Posting story photo live:21)
	at com.kms.katalon.core.main.ScriptEngine.run(ScriptEngine.java:194)
	at com.kms.katalon.core.main.ScriptEngine.runScriptAsRawText(ScriptEngine.java:119)
	at com.kms.katalon.core.main.TestCaseExecutor.runScript(TestCaseExecutor.java:331)
	at com.kms.katalon.core.main.TestCaseExecutor.doExecute(TestCaseExecutor.java:322)
	at com.kms.katalon.core.main.TestCaseExecutor.processExecutionPhase(TestCaseExecutor.java:301)
	at com.kms.katalon.core.main.TestCaseExecutor.accessMainPhase(TestCaseExecutor.java:293)
	at com.kms.katalon.core.main.TestCaseExecutor.execute(TestCaseExecutor.java:227)
	at com.kms.katalon.core.main.TestSuiteExecutor.accessTestCaseMainPhase(TestSuiteExecutor.java:129)
	at com.kms.katalon.core.main.TestSuiteExecutor.accessTestSuiteMainPhase(TestSuiteExecutor.java:112)
	at com.kms.katalon.core.main.TestSuiteExecutor.execute(TestSuiteExecutor.java:81)
	at com.kms.katalon.core.main.TestCaseMain.startTestSuite(TestCaseMain.java:157)
	at com.kms.katalon.core.main.TestCaseMain$startTestSuite$0.call(Unknown Source)
	at TempTestSuite1552316646308.run(TempTestSuite1552316646308.groovy:35)


2019-03-11 22:09:44 - [MESSAGE][FAILED] - Object Object Repository/Posting story photo live/android.widget.CheckBox0 - Dont show me again (1) not found
[[ATTACHMENT|C:\\Users\\geela\\Katalon Studio\\Netzme Smoke Test\\Katalon\\Reports\\Smoke Test\\20190311_220406\\1552316983630.png]]

2019-03-11 22:09:45 - [MESSAGE][FAILED] - Failed to tap on element 'Object Repository/Posting story photo live/android.widget.CheckBox0 - Dont show me again (1)'
[[ATTACHMENT|C:\\Users\\geela\\Katalon Studio\\Netzme Smoke Test\\Katalon\\Reports\\Smoke Test\\20190311_220406\\1552316984562.png]]

2019-03-11 22:09:45 - [MESSAGE][FAILED] - tap(findTestObject("Posting story photo live/android.widget.CheckBox0 - Dont show me again (1)"), 2) FAILED.
Reason:
com.kms.katalon.core.exception.StepFailedException: Failed to tap on element 'Object Repository/Posting story photo live/android.widget.CheckBox0 - Dont show me again (1)'
	at com.kms.katalon.core.keyword.internal.KeywordMain.stepFailed(KeywordMain.groovy:48)
	at com.kms.katalon.core.mobile.keyword.internal.MobileKeywordMain.stepFailed(MobileKeywordMain.groovy:40)
	at com.kms.katalon.core.mobile.keyword.internal.MobileKeywordMain.runKeyword(MobileKeywordMain.groovy:23)
	at com.kms.katalon.core.mobile.keyword.builtin.TapKeyword.tap(TapKeyword.groovy:83)
	at com.kms.katalon.core.mobile.keyword.builtin.TapKeyword.execute(TapKeyword.groovy:66)
	at com.kms.katalon.core.keyword.internal.KeywordExecutor.executeKeywordForPlatform(KeywordExecutor.groovy:56)
	at com.kms.katalon.core.mobile.keyword.MobileBuiltInKeywords.tap(MobileBuiltInKeywords.groovy:485)
	at com.kms.katalon.core.mobile.keyword.MobileBuiltInKeywords$tap$0.call(Unknown Source)
	at Posting story photo live.run(Posting story photo live:21)
	at com.kms.katalon.core.main.ScriptEngine.run(ScriptEngine.java:194)
	at com.kms.katalon.core.main.ScriptEngine.runScriptAsRawText(ScriptEngine.java:119)
	at com.kms.katalon.core.main.TestCaseExecutor.runScript(TestCaseExecutor.java:331)
	at com.kms.katalon.core.main.TestCaseExecutor.doExecute(TestCaseExecutor.java:322)
	at com.kms.katalon.core.main.TestCaseExecutor.processExecutionPhase(TestCaseExecutor.java:301)
	at com.kms.katalon.core.main.TestCaseExecutor.accessMainPhase(TestCaseExecutor.java:293)
	at com.kms.katalon.core.main.TestCaseExecutor.execute(TestCaseExecutor.java:227)
	at com.kms.katalon.core.main.TestSuiteExecutor.accessTestCaseMainPhase(TestSuiteExecutor.java:129)
	at com.kms.katalon.core.main.TestSuiteExecutor.accessTestSuiteMainPhase(TestSuiteExecutor.java:112)
	at com.kms.katalon.core.main.TestSuiteExecutor.execute(TestSuiteExecutor.java:81)
	at com.kms.katalon.core.main.TestCaseMain.startTestSuite(TestCaseMain.java:157)
	at com.kms.katalon.core.main.TestCaseMain$startTestSuite$0.call(Unknown Source)
	at TempTestSuite1552316646308.run(TempTestSuite1552316646308.groovy:35)]]></system-out>
         <system-err><![CDATA[2019-03-11 22:09:37 - [TEST_CASE][FAILED] - Test Cases/Posting story photo live: Test Cases/Posting story photo live FAILED.
Reason:
com.kms.katalon.core.exception.StepFailedException: Failed to tap on element 'Object Repository/Posting story photo live/android.widget.CheckBox0 - Dont show me again (1)'
	at com.kms.katalon.core.keyword.internal.KeywordMain.stepFailed(KeywordMain.groovy:48)
	at com.kms.katalon.core.mobile.keyword.internal.MobileKeywordMain.stepFailed(MobileKeywordMain.groovy:40)
	at com.kms.katalon.core.mobile.keyword.internal.MobileKeywordMain.runKeyword(MobileKeywordMain.groovy:23)
	at com.kms.katalon.core.mobile.keyword.builtin.TapKeyword.tap(TapKeyword.groovy:83)
	at com.kms.katalon.core.mobile.keyword.builtin.TapKeyword.execute(TapKeyword.groovy:66)
	at com.kms.katalon.core.keyword.internal.KeywordExecutor.executeKeywordForPlatform(KeywordExecutor.groovy:56)
	at com.kms.katalon.core.mobile.keyword.MobileBuiltInKeywords.tap(MobileBuiltInKeywords.groovy:485)
	at com.kms.katalon.core.mobile.keyword.MobileBuiltInKeywords$tap$0.call(Unknown Source)
	at Posting story photo live.run(Posting story photo live:21)
	at com.kms.katalon.core.main.ScriptEngine.run(ScriptEngine.java:194)
	at com.kms.katalon.core.main.ScriptEngine.runScriptAsRawText(ScriptEngine.java:119)
	at com.kms.katalon.core.main.TestCaseExecutor.runScript(TestCaseExecutor.java:331)
	at com.kms.katalon.core.main.TestCaseExecutor.doExecute(TestCaseExecutor.java:322)
	at com.kms.katalon.core.main.TestCaseExecutor.processExecutionPhase(TestCaseExecutor.java:301)
	at com.kms.katalon.core.main.TestCaseExecutor.accessMainPhase(TestCaseExecutor.java:293)
	at com.kms.katalon.core.main.TestCaseExecutor.execute(TestCaseExecutor.java:227)
	at com.kms.katalon.core.main.TestSuiteExecutor.accessTestCaseMainPhase(TestSuiteExecutor.java:129)
	at com.kms.katalon.core.main.TestSuiteExecutor.accessTestSuiteMainPhase(TestSuiteExecutor.java:112)
	at com.kms.katalon.core.main.TestSuiteExecutor.execute(TestSuiteExecutor.java:81)
	at com.kms.katalon.core.main.TestCaseMain.startTestSuite(TestCaseMain.java:157)
	at com.kms.katalon.core.main.TestCaseMain$startTestSuite$0.call(Unknown Source)
	at TempTestSuite1552316646308.run(TempTestSuite1552316646308.groovy:35)]]></system-err>
      </testcase>
      <system-out><![CDATA[2019-03-11 22:04:09 - [TEST_SUITE][FAILED] - Smoke Test: Test Cases/Posting story photo live FAILED.
Reason:
com.kms.katalon.core.exception.StepFailedException: Failed to tap on element 'Object Repository/Posting story photo live/android.widget.CheckBox0 - Dont show me again (1)'
	at com.kms.katalon.core.keyword.internal.KeywordMain.stepFailed(KeywordMain.groovy:48)
	at com.kms.katalon.core.mobile.keyword.internal.MobileKeywordMain.stepFailed(MobileKeywordMain.groovy:40)
	at com.kms.katalon.core.mobile.keyword.internal.MobileKeywordMain.runKeyword(MobileKeywordMain.groovy:23)
	at com.kms.katalon.core.mobile.keyword.builtin.TapKeyword.tap(TapKeyword.groovy:83)
	at com.kms.katalon.core.mobile.keyword.builtin.TapKeyword.execute(TapKeyword.groovy:66)
	at com.kms.katalon.core.keyword.internal.KeywordExecutor.executeKeywordForPlatform(KeywordExecutor.groovy:56)
	at com.kms.katalon.core.mobile.keyword.MobileBuiltInKeywords.tap(MobileBuiltInKeywords.groovy:485)
	at com.kms.katalon.core.mobile.keyword.MobileBuiltInKeywords$tap$0.call(Unknown Source)
	at Posting story photo live.run(Posting story photo live:21)
	at com.kms.katalon.core.main.ScriptEngine.run(ScriptEngine.java:194)
	at com.kms.katalon.core.main.ScriptEngine.runScriptAsRawText(ScriptEngine.java:119)
	at com.kms.katalon.core.main.TestCaseExecutor.runScript(TestCaseExecutor.java:331)
	at com.kms.katalon.core.main.TestCaseExecutor.doExecute(TestCaseExecutor.java:322)
	at com.kms.katalon.core.main.TestCaseExecutor.processExecutionPhase(TestCaseExecutor.java:301)
	at com.kms.katalon.core.main.TestCaseExecutor.accessMainPhase(TestCaseExecutor.java:293)
	at com.kms.katalon.core.main.TestCaseExecutor.execute(TestCaseExecutor.java:227)
	at com.kms.katalon.core.main.TestSuiteExecutor.accessTestCaseMainPhase(TestSuiteExecutor.java:129)
	at com.kms.katalon.core.main.TestSuiteExecutor.accessTestSuiteMainPhase(TestSuiteExecutor.java:112)
	at com.kms.katalon.core.main.TestSuiteExecutor.execute(TestSuiteExecutor.java:81)
	at com.kms.katalon.core.main.TestCaseMain.startTestSuite(TestCaseMain.java:157)
	at com.kms.katalon.core.main.TestCaseMain$startTestSuite$0.call(Unknown Source)
	at TempTestSuite1552316646308.run(TempTestSuite1552316646308.groovy:35)]]></system-out>
      <system-err><![CDATA[2019-03-11 22:04:09 - [TEST_SUITE][FAILED] - Smoke Test: Test Cases/Posting story photo live FAILED.
Reason:
com.kms.katalon.core.exception.StepFailedException: Failed to tap on element 'Object Repository/Posting story photo live/android.widget.CheckBox0 - Dont show me again (1)'
	at com.kms.katalon.core.keyword.internal.KeywordMain.stepFailed(KeywordMain.groovy:48)
	at com.kms.katalon.core.mobile.keyword.internal.MobileKeywordMain.stepFailed(MobileKeywordMain.groovy:40)
	at com.kms.katalon.core.mobile.keyword.internal.MobileKeywordMain.runKeyword(MobileKeywordMain.groovy:23)
	at com.kms.katalon.core.mobile.keyword.builtin.TapKeyword.tap(TapKeyword.groovy:83)
	at com.kms.katalon.core.mobile.keyword.builtin.TapKeyword.execute(TapKeyword.groovy:66)
	at com.kms.katalon.core.keyword.internal.KeywordExecutor.executeKeywordForPlatform(KeywordExecutor.groovy:56)
	at com.kms.katalon.core.mobile.keyword.MobileBuiltInKeywords.tap(MobileBuiltInKeywords.groovy:485)
	at com.kms.katalon.core.mobile.keyword.MobileBuiltInKeywords$tap$0.call(Unknown Source)
	at Posting story photo live.run(Posting story photo live:21)
	at com.kms.katalon.core.main.ScriptEngine.run(ScriptEngine.java:194)
	at com.kms.katalon.core.main.ScriptEngine.runScriptAsRawText(ScriptEngine.java:119)
	at com.kms.katalon.core.main.TestCaseExecutor.runScript(TestCaseExecutor.java:331)
	at com.kms.katalon.core.main.TestCaseExecutor.doExecute(TestCaseExecutor.java:322)
	at com.kms.katalon.core.main.TestCaseExecutor.processExecutionPhase(TestCaseExecutor.java:301)
	at com.kms.katalon.core.main.TestCaseExecutor.accessMainPhase(TestCaseExecutor.java:293)
	at com.kms.katalon.core.main.TestCaseExecutor.execute(TestCaseExecutor.java:227)
	at com.kms.katalon.core.main.TestSuiteExecutor.accessTestCaseMainPhase(TestSuiteExecutor.java:129)
	at com.kms.katalon.core.main.TestSuiteExecutor.accessTestSuiteMainPhase(TestSuiteExecutor.java:112)
	at com.kms.katalon.core.main.TestSuiteExecutor.execute(TestSuiteExecutor.java:81)
	at com.kms.katalon.core.main.TestCaseMain.startTestSuite(TestCaseMain.java:157)
	at com.kms.katalon.core.main.TestCaseMain$startTestSuite$0.call(Unknown Source)
	at TempTestSuite1552316646308.run(TempTestSuite1552316646308.groovy:35)]]></system-err>
   </testsuite>
</testsuites>
