<?xml version="1.0" encoding="UTF-8"?>
<testsuites name="Smoke Test" time="149" tests="2" failures="1" errors="0">
   <testsuite name="Smoke Test" tests="2" failures="1" errors="0" time="149" timestamp="2019-03-12 00:54:05" hostname="geela - 192.168.139.2" id="Test Suites/Smoke Test">
      <properties>
         <property name="deviceName" value="OPPO RMX1805 (Android 8.1.0)"/>
         <property name="devicePlatform" value=""/>
         <property name="logFolder" value="C:\\Users\\geela\\Katalon Studio\\Netzme Smoke Test\\Katalon\\Reports\\Smoke Test\\20190312_005402"/>
         <property name="logFiles" value="C:\\Users\\geela\\Katalon Studio\\Netzme Smoke Test\\Katalon\\Reports\\Smoke Test\\20190312_005402\\appium.log, C:\\Users\\geela\\Katalon Studio\\Netzme Smoke Test\\Katalon\\Reports\\Smoke Test\\20190312_005402\\execution0.log"/>
         <property name="attachments" value="C:\\Users\\geela\\Katalon Studio\\Netzme Smoke Test\\Katalon\\Reports\\Smoke Test\\20190312_005402\\1552326990861.png, C:\\Users\\geela\\Katalon Studio\\Netzme Smoke Test\\Katalon\\Reports\\Smoke Test\\20190312_005402\\1552326991600.png"/>
         <property name="hostName" value="geela - 192.168.139.2"/>
         <property name="os" value="Windows 10 64bit"/>
         <property name="katalonVersion" value="6.0.5.10"/>
         <property name="deviceOS" value="Android"/>
         <property name="appiumVersion" value="1.8.1"/>
         <property name="deviceModel" value="RMX1805"/>
         <property name="hostAddress" value="192.168.139.2"/>
         <property name="deviceManufacturer" value="OPPO"/>
         <property name="deviceId" value="b9decb5a"/>
         <property name="deviceName" value="OPPO RMX1805 (Android 8.1.0)"/>
         <property name="deviceOSVersion" value="8.1.0"/>
      </properties>
      <testcase name="Test Cases/Registrasi" classname="Test Cases/Registrasi" status="PASSED">
         <system-out><![CDATA[2019-03-12 00:54:06 - [TEST_CASE][PASSED] - Test Cases/Registrasi: Test Cases/Registrasi

2019-03-12 00:54:07 - [TEST_STEP][PASSED] - startApplication("C:\Users\geela\Katalon Studio\Netzme Smoke Test\Katalon\Data Files\Netzme.apk", true): Started app at: 'C:\Users\geela\Katalon Studio\Netzme Smoke Test\Katalon\Data Files\Netzme.apk'

2019-03-12 00:54:14 - [MESSAGE][INFO] - Appium server started on port 60,364

2019-03-12 00:55:06 - [MESSAGE][PASSED] - Started app at: 'C:\Users\geela\Katalon Studio\Netzme Smoke Test\Katalon\Data Files\Netzme.apk'

2019-03-12 00:55:06 - [TEST_STEP][PASSED] - tap(findTestObject("Registrasi/reg.btn-Next"), 10): Tapped on element 'Object Repository/Registrasi/reg.btn-Next'

2019-03-12 00:55:10 - [MESSAGE][PASSED] - Tapped on element 'Object Repository/Registrasi/reg.btn-Next'

2019-03-12 00:55:10 - [TEST_STEP][PASSED] - tap(findTestObject("Registrasi/reg.btn-Next"), 2): Tapped on element 'Object Repository/Registrasi/reg.btn-Next'

2019-03-12 00:55:11 - [MESSAGE][PASSED] - Tapped on element 'Object Repository/Registrasi/reg.btn-Next'

2019-03-12 00:55:11 - [TEST_STEP][PASSED] - tap(findTestObject("Registrasi/reg.btn-Next"), 2): Tapped on element 'Object Repository/Registrasi/reg.btn-Next'

2019-03-12 00:55:12 - [MESSAGE][PASSED] - Tapped on element 'Object Repository/Registrasi/reg.btn-Next'

2019-03-12 00:55:12 - [TEST_STEP][PASSED] - tap(findTestObject("Registrasi/reg.btn-Next"), 2): Tapped on element 'Object Repository/Registrasi/reg.btn-Next'

2019-03-12 00:55:14 - [MESSAGE][PASSED] - Tapped on element 'Object Repository/Registrasi/reg.btn-Next'

2019-03-12 00:55:14 - [TEST_STEP][PASSED] - tap(findTestObject("Registrasi/reg.btn-Next"), 2): Tapped on element 'Object Repository/Registrasi/reg.btn-Next'

2019-03-12 00:55:15 - [MESSAGE][PASSED] - Tapped on element 'Object Repository/Registrasi/reg.btn-Next'

2019-03-12 00:55:15 - [TEST_STEP][PASSED] - tap(findTestObject("Registrasi/reg.btn-JOIN NOW"), 2): Tapped on element 'Object Repository/Registrasi/reg.btn-JOIN NOW'

2019-03-12 00:55:17 - [MESSAGE][PASSED] - Tapped on element 'Object Repository/Registrasi/reg.btn-JOIN NOW'

2019-03-12 00:55:17 - [TEST_STEP][PASSED] - setText(findTestObject("Registrasi/reg.button-Phone number"), "08995097655", 2): Text '08995097655' has been set to element 'Object Repository/Registrasi/reg.button-Phone number'

2019-03-12 00:55:19 - [MESSAGE][PASSED] - Text '08995097655' has been set to element 'Object Repository/Registrasi/reg.button-Phone number'

2019-03-12 00:55:19 - [TEST_STEP][PASSED] - tap(findTestObject("Registrasi/reg.checkbock-Term condition"), 2): Tapped on element 'Object Repository/Registrasi/reg.checkbock-Term condition'

2019-03-12 00:55:20 - [MESSAGE][PASSED] - Tapped on element 'Object Repository/Registrasi/reg.checkbock-Term condition'

2019-03-12 00:55:20 - [TEST_STEP][PASSED] - tap(findTestObject("Registrasi/reg.button-REGISTER"), 2): Tapped on element 'Object Repository/Registrasi/reg.button-REGISTER'

2019-03-12 00:55:23 - [MESSAGE][PASSED] - Tapped on element 'Object Repository/Registrasi/reg.button-REGISTER'

2019-03-12 00:55:23 - [TEST_STEP][PASSED] - setText(findTestObject("Registrasi/reg.editText-Verification Number"), "0000", 2): Text '0000' has been set to element 'Object Repository/Registrasi/reg.editText-Verification Number'

2019-03-12 00:55:24 - [MESSAGE][PASSED] - Text '0000' has been set to element 'Object Repository/Registrasi/reg.editText-Verification Number'

2019-03-12 00:55:24 - [TEST_STEP][PASSED] - tap(findTestObject("Registrasi/reg.btn-VERIFY"), 2): Tapped on element 'Object Repository/Registrasi/reg.btn-VERIFY'

2019-03-12 00:55:26 - [MESSAGE][PASSED] - Tapped on element 'Object Repository/Registrasi/reg.btn-VERIFY'

2019-03-12 00:55:26 - [TEST_STEP][PASSED] - tap(findTestObject("General/general.btn - Allow"), 10): Tapped on element 'Object Repository/General/general.btn - Allow'

2019-03-12 00:55:34 - [MESSAGE][PASSED] - Tapped on element 'Object Repository/General/general.btn - Allow'

2019-03-12 00:55:34 - [TEST_STEP][PASSED] - clearText(findTestObject("Registrasi/reg.editText-Ganti Nick Name"), 2): Element 'Object Repository/Registrasi/reg.editText-Ganti Nick Name' text is cleared

2019-03-12 00:55:35 - [MESSAGE][PASSED] - Element 'Object Repository/Registrasi/reg.editText-Ganti Nick Name' text is cleared

2019-03-12 00:55:35 - [TEST_STEP][PASSED] - setText(findTestObject("Registrasi/reg.editText-Enter your name here"), "QA Netzme", 2): Text 'QA Netzme' has been set to element 'Object Repository/Registrasi/reg.editText-Enter your name here'

2019-03-12 00:55:38 - [MESSAGE][PASSED] - Text 'QA Netzme' has been set to element 'Object Repository/Registrasi/reg.editText-Enter your name here'

2019-03-12 00:55:38 - [TEST_STEP][PASSED] - tap(findTestObject("Registrasi/reg.button-SAVE"), 5): Tapped on element 'Object Repository/Registrasi/reg.button-SAVE'

2019-03-12 00:55:39 - [MESSAGE][PASSED] - Tapped on element 'Object Repository/Registrasi/reg.button-SAVE'

2019-03-12 00:55:39 - [TEST_STEP][PASSED] - delay(15, CONTINUE_ON_FAILURE): Delayed 15 second(s)

2019-03-12 00:55:55 - [MESSAGE][PASSED] - Delayed 15 second(s)

2019-03-12 00:55:55 - [TEST_STEP][PASSED] - tap(findTestObject("Registrasi/reg.checkbox-Dont show me again"), 5): Tapped on element 'Object Repository/Registrasi/reg.checkbox-Dont show me again'

2019-03-12 00:55:56 - [MESSAGE][PASSED] - Tapped on element 'Object Repository/Registrasi/reg.checkbox-Dont show me again'

2019-03-12 00:55:56 - [TEST_STEP][PASSED] - tap(findTestObject("Registrasi/reg.button-CLOSE"), 2): Tapped on element 'Object Repository/Registrasi/reg.button-CLOSE'

2019-03-12 00:55:58 - [MESSAGE][PASSED] - Tapped on element 'Object Repository/Registrasi/reg.button-CLOSE']]></system-out>
         <system-err><![CDATA[]]></system-err>
      </testcase>
      <testcase name="Test Cases/Ganti PP" classname="Test Cases/Ganti PP" status="PASSED">
         <system-out><![CDATA[2019-03-12 00:55:58 - [TEST_CASE][PASSED] - Test Cases/Ganti PP: Test Cases/Ganti PP

2019-03-12 00:55:58 - [TEST_STEP][PASSED] - tap(findTestObject("Front View/frontView-Contact"), 1): Tapped on element 'Object Repository/Front View/frontView-Contact'

2019-03-12 00:56:00 - [MESSAGE][PASSED] - Tapped on element 'Object Repository/Front View/frontView-Contact'

2019-03-12 00:56:00 - [TEST_STEP][PASSED] - tap(findTestObject("Front View/frontView-User Profile"), 1): Tapped on element 'Object Repository/Front View/frontView-User Profile'

2019-03-12 00:56:03 - [MESSAGE][PASSED] - Tapped on element 'Object Repository/Front View/frontView-User Profile'

2019-03-12 00:56:03 - [TEST_STEP][PASSED] - tap(findTestObject("Edit Profile/profile.btn-GOT IT"), 1): Tapped on element 'Object Repository/Edit Profile/profile.btn-GOT IT'

2019-03-12 00:56:04 - [MESSAGE][PASSED] - Tapped on element 'Object Repository/Edit Profile/profile.btn-GOT IT'

2019-03-12 00:56:04 - [TEST_STEP][PASSED] - tap(findTestObject("Edit Profile/profile.btn-Edit Profile"), 1): Tapped on element 'Object Repository/Edit Profile/profile.btn-Edit Profile'

2019-03-12 00:56:06 - [MESSAGE][PASSED] - Tapped on element 'Object Repository/Edit Profile/profile.btn-Edit Profile'

2019-03-12 00:56:06 - [TEST_STEP][PASSED] - tap(findTestObject("Edit Profile/profile.btn-Edit Photo Profile"), 1): Tapped on element 'Object Repository/Edit Profile/profile.btn-Edit Photo Profile'

2019-03-12 00:56:07 - [MESSAGE][PASSED] - Tapped on element 'Object Repository/Edit Profile/profile.btn-Edit Photo Profile'

2019-03-12 00:56:07 - [TEST_STEP][PASSED] - tap(findTestObject("General/general.btn - Allow"), 1): Tapped on element 'Object Repository/General/general.btn - Allow'

2019-03-12 00:56:09 - [MESSAGE][PASSED] - Tapped on element 'Object Repository/General/general.btn - Allow'

2019-03-12 00:56:09 - [TEST_STEP][PASSED] - tap(findTestObject("General/general.btn- Capture Image"), 1): Tapped on element 'Object Repository/General/general.btn- Capture Image'

2019-03-12 00:56:11 - [MESSAGE][PASSED] - Tapped on element 'Object Repository/General/general.btn- Capture Image'

2019-03-12 00:56:11 - [TEST_STEP][PASSED] - tap(findTestObject("Edit Profile/profile.btn - CROP"), 1): Tapped on element 'Object Repository/Edit Profile/profile.btn - CROP'

2019-03-12 00:56:13 - [MESSAGE][PASSED] - Tapped on element 'Object Repository/Edit Profile/profile.btn - CROP'

2019-03-12 00:56:13 - [TEST_STEP][PASSED] - setText(findTestObject("General/general.btn - Describe your photo"), "Ganti Photo Profile", 1): Text 'Ganti Photo Profile' has been set to element 'Object Repository/General/general.btn - Describe your photo'

2019-03-12 00:56:15 - [MESSAGE][PASSED] - Text 'Ganti Photo Profile' has been set to element 'Object Repository/General/general.btn - Describe your photo'

2019-03-12 00:56:15 - [TEST_STEP][PASSED] - tap(findTestObject("Edit Profile/profile.btn.after.describe.photo - SAVE"), 1): Tapped on element 'Object Repository/Edit Profile/profile.btn.after.describe.photo - SAVE'

2019-03-12 00:56:17 - [MESSAGE][PASSED] - Tapped on element 'Object Repository/Edit Profile/profile.btn.after.describe.photo - SAVE'

2019-03-12 00:56:17 - [TEST_STEP][PASSED] - tap(findTestObject("Edit Profile/profile.btn- Save after edit PP"), 1): Tapped on element 'Object Repository/Edit Profile/profile.btn- Save after edit PP'

2019-03-12 00:56:19 - [MESSAGE][PASSED] - Tapped on element 'Object Repository/Edit Profile/profile.btn- Save after edit PP'

2019-03-12 00:56:19 - [TEST_STEP][PASSED] - tap(findTestObject("General/general.btn - Back"), 1): Tapped on element 'Object Repository/General/general.btn - Back'

2019-03-12 00:56:22 - [MESSAGE][PASSED] - Tapped on element 'Object Repository/General/general.btn - Back']]></system-out>
         <system-err><![CDATA[]]></system-err>
      </testcase>
      <testcase name="Test Cases/Ganti Nick Name" classname="Test Cases/Ganti Nick Name" status="FAILED">
         <failure type="FAILED" message="Test Cases/Ganti Nick Name FAILED.
Reason:
com.kms.katalon.core.exception.StepFailedException: Failed to clear text of element
	at com.kms.katalon.core.keyword.internal.KeywordMain.stepFailed(KeywordMain.groovy:48)
	at com.kms.katalon.core.mobile.keyword.internal.MobileKeywordMain.stepFailed(MobileKeywordMain.groovy:40)
	at com.kms.katalon.core.mobile.keyword.internal.MobileKeywordMain.runKeyword(MobileKeywordMain.groovy:23)
	at com.kms.katalon.core.mobile.keyword.builtin.ClearTextKeyword.clearText(ClearTextKeyword.groovy:80)
	at com.kms.katalon.core.mobile.keyword.builtin.ClearTextKeyword.execute(ClearTextKeyword.groovy:65)
	at com.kms.katalon.core.keyword.internal.KeywordExecutor.executeKeywordForPlatform(KeywordExecutor.groovy:56)
	at com.kms.katalon.core.mobile.keyword.MobileBuiltInKeywords.clearText(MobileBuiltInKeywords.groovy:683)
	at com.kms.katalon.core.mobile.keyword.MobileBuiltInKeywords$clearText$2.call(Unknown Source)
	at Ganti Nick Name.run(Ganti Nick Name:22)
	at com.kms.katalon.core.main.ScriptEngine.run(ScriptEngine.java:194)
	at com.kms.katalon.core.main.ScriptEngine.runScriptAsRawText(ScriptEngine.java:119)
	at com.kms.katalon.core.main.TestCaseExecutor.runScript(TestCaseExecutor.java:331)
	at com.kms.katalon.core.main.TestCaseExecutor.doExecute(TestCaseExecutor.java:322)
	at com.kms.katalon.core.main.TestCaseExecutor.processExecutionPhase(TestCaseExecutor.java:301)
	at com.kms.katalon.core.main.TestCaseExecutor.accessMainPhase(TestCaseExecutor.java:293)
	at com.kms.katalon.core.main.TestCaseExecutor.execute(TestCaseExecutor.java:227)
	at com.kms.katalon.core.main.TestSuiteExecutor.accessTestCaseMainPhase(TestSuiteExecutor.java:129)
	at com.kms.katalon.core.main.TestSuiteExecutor.accessTestSuiteMainPhase(TestSuiteExecutor.java:112)
	at com.kms.katalon.core.main.TestSuiteExecutor.execute(TestSuiteExecutor.java:81)
	at com.kms.katalon.core.main.TestCaseMain.startTestSuite(TestCaseMain.java:157)
	at com.kms.katalon.core.main.TestCaseMain$startTestSuite$0.call(Unknown Source)
	at TempTestSuite1552326842314.run(TempTestSuite1552326842314.groovy:35)
"/>
         <system-out><![CDATA[2019-03-12 00:56:22 - [TEST_CASE][FAILED] - Test Cases/Ganti Nick Name: Test Cases/Ganti Nick Name FAILED.
Reason:
com.kms.katalon.core.exception.StepFailedException: Failed to clear text of element
	at com.kms.katalon.core.keyword.internal.KeywordMain.stepFailed(KeywordMain.groovy:48)
	at com.kms.katalon.core.mobile.keyword.internal.MobileKeywordMain.stepFailed(MobileKeywordMain.groovy:40)
	at com.kms.katalon.core.mobile.keyword.internal.MobileKeywordMain.runKeyword(MobileKeywordMain.groovy:23)
	at com.kms.katalon.core.mobile.keyword.builtin.ClearTextKeyword.clearText(ClearTextKeyword.groovy:80)
	at com.kms.katalon.core.mobile.keyword.builtin.ClearTextKeyword.execute(ClearTextKeyword.groovy:65)
	at com.kms.katalon.core.keyword.internal.KeywordExecutor.executeKeywordForPlatform(KeywordExecutor.groovy:56)
	at com.kms.katalon.core.mobile.keyword.MobileBuiltInKeywords.clearText(MobileBuiltInKeywords.groovy:683)
	at com.kms.katalon.core.mobile.keyword.MobileBuiltInKeywords$clearText$2.call(Unknown Source)
	at Ganti Nick Name.run(Ganti Nick Name:22)
	at com.kms.katalon.core.main.ScriptEngine.run(ScriptEngine.java:194)
	at com.kms.katalon.core.main.ScriptEngine.runScriptAsRawText(ScriptEngine.java:119)
	at com.kms.katalon.core.main.TestCaseExecutor.runScript(TestCaseExecutor.java:331)
	at com.kms.katalon.core.main.TestCaseExecutor.doExecute(TestCaseExecutor.java:322)
	at com.kms.katalon.core.main.TestCaseExecutor.processExecutionPhase(TestCaseExecutor.java:301)
	at com.kms.katalon.core.main.TestCaseExecutor.accessMainPhase(TestCaseExecutor.java:293)
	at com.kms.katalon.core.main.TestCaseExecutor.execute(TestCaseExecutor.java:227)
	at com.kms.katalon.core.main.TestSuiteExecutor.accessTestCaseMainPhase(TestSuiteExecutor.java:129)
	at com.kms.katalon.core.main.TestSuiteExecutor.accessTestSuiteMainPhase(TestSuiteExecutor.java:112)
	at com.kms.katalon.core.main.TestSuiteExecutor.execute(TestSuiteExecutor.java:81)
	at com.kms.katalon.core.main.TestCaseMain.startTestSuite(TestCaseMain.java:157)
	at com.kms.katalon.core.main.TestCaseMain$startTestSuite$0.call(Unknown Source)
	at TempTestSuite1552326842314.run(TempTestSuite1552326842314.groovy:35)


2019-03-12 00:56:22 - [TEST_STEP][PASSED] - tap(findTestObject("Front View/frontView-Contact"), 3): Tapped on element 'Object Repository/Front View/frontView-Contact'

2019-03-12 00:56:24 - [MESSAGE][PASSED] - Tapped on element 'Object Repository/Front View/frontView-Contact'

2019-03-12 00:56:24 - [TEST_STEP][PASSED] - tap(findTestObject("Front View/frontView-User Profile"), 3): Tapped on element 'Object Repository/Front View/frontView-User Profile'

2019-03-12 00:56:26 - [MESSAGE][PASSED] - Tapped on element 'Object Repository/Front View/frontView-User Profile'

2019-03-12 00:56:26 - [TEST_STEP][PASSED] - tap(findTestObject("Edit Profile/profile.btn - Nick Name"), 2): Tapped on element 'Object Repository/Edit Profile/profile.btn - Nick Name'

2019-03-12 00:56:28 - [MESSAGE][PASSED] - Tapped on element 'Object Repository/Edit Profile/profile.btn - Nick Name'

2019-03-12 00:56:28 - [TEST_STEP][FAILED] - clearText(findTestObject("Registrasi/reg.editText-Ganti Nick Name"), 2): clearText(findTestObject("Registrasi/reg.editText-Ganti Nick Name"), 2) FAILED.
Reason:
com.kms.katalon.core.exception.StepFailedException: Failed to clear text of element
	at com.kms.katalon.core.keyword.internal.KeywordMain.stepFailed(KeywordMain.groovy:48)
	at com.kms.katalon.core.mobile.keyword.internal.MobileKeywordMain.stepFailed(MobileKeywordMain.groovy:40)
	at com.kms.katalon.core.mobile.keyword.internal.MobileKeywordMain.runKeyword(MobileKeywordMain.groovy:23)
	at com.kms.katalon.core.mobile.keyword.builtin.ClearTextKeyword.clearText(ClearTextKeyword.groovy:80)
	at com.kms.katalon.core.mobile.keyword.builtin.ClearTextKeyword.execute(ClearTextKeyword.groovy:65)
	at com.kms.katalon.core.keyword.internal.KeywordExecutor.executeKeywordForPlatform(KeywordExecutor.groovy:56)
	at com.kms.katalon.core.mobile.keyword.MobileBuiltInKeywords.clearText(MobileBuiltInKeywords.groovy:683)
	at com.kms.katalon.core.mobile.keyword.MobileBuiltInKeywords$clearText$2.call(Unknown Source)
	at Ganti Nick Name.run(Ganti Nick Name:22)
	at com.kms.katalon.core.main.ScriptEngine.run(ScriptEngine.java:194)
	at com.kms.katalon.core.main.ScriptEngine.runScriptAsRawText(ScriptEngine.java:119)
	at com.kms.katalon.core.main.TestCaseExecutor.runScript(TestCaseExecutor.java:331)
	at com.kms.katalon.core.main.TestCaseExecutor.doExecute(TestCaseExecutor.java:322)
	at com.kms.katalon.core.main.TestCaseExecutor.processExecutionPhase(TestCaseExecutor.java:301)
	at com.kms.katalon.core.main.TestCaseExecutor.accessMainPhase(TestCaseExecutor.java:293)
	at com.kms.katalon.core.main.TestCaseExecutor.execute(TestCaseExecutor.java:227)
	at com.kms.katalon.core.main.TestSuiteExecutor.accessTestCaseMainPhase(TestSuiteExecutor.java:129)
	at com.kms.katalon.core.main.TestSuiteExecutor.accessTestSuiteMainPhase(TestSuiteExecutor.java:112)
	at com.kms.katalon.core.main.TestSuiteExecutor.execute(TestSuiteExecutor.java:81)
	at com.kms.katalon.core.main.TestCaseMain.startTestSuite(TestCaseMain.java:157)
	at com.kms.katalon.core.main.TestCaseMain$startTestSuite$0.call(Unknown Source)
	at TempTestSuite1552326842314.run(TempTestSuite1552326842314.groovy:35)


2019-03-12 00:56:31 - [MESSAGE][FAILED] - Element 'Object Repository/Registrasi/reg.editText-Ganti Nick Name' not found
[[ATTACHMENT|C:\\Users\\geela\\Katalon Studio\\Netzme Smoke Test\\Katalon\\Reports\\Smoke Test\\20190312_005402\\1552326990861.png]]

2019-03-12 00:56:32 - [MESSAGE][FAILED] - Failed to clear text of element
[[ATTACHMENT|C:\\Users\\geela\\Katalon Studio\\Netzme Smoke Test\\Katalon\\Reports\\Smoke Test\\20190312_005402\\1552326991600.png]]

2019-03-12 00:56:32 - [MESSAGE][FAILED] - clearText(findTestObject("Registrasi/reg.editText-Ganti Nick Name"), 2) FAILED.
Reason:
com.kms.katalon.core.exception.StepFailedException: Failed to clear text of element
	at com.kms.katalon.core.keyword.internal.KeywordMain.stepFailed(KeywordMain.groovy:48)
	at com.kms.katalon.core.mobile.keyword.internal.MobileKeywordMain.stepFailed(MobileKeywordMain.groovy:40)
	at com.kms.katalon.core.mobile.keyword.internal.MobileKeywordMain.runKeyword(MobileKeywordMain.groovy:23)
	at com.kms.katalon.core.mobile.keyword.builtin.ClearTextKeyword.clearText(ClearTextKeyword.groovy:80)
	at com.kms.katalon.core.mobile.keyword.builtin.ClearTextKeyword.execute(ClearTextKeyword.groovy:65)
	at com.kms.katalon.core.keyword.internal.KeywordExecutor.executeKeywordForPlatform(KeywordExecutor.groovy:56)
	at com.kms.katalon.core.mobile.keyword.MobileBuiltInKeywords.clearText(MobileBuiltInKeywords.groovy:683)
	at com.kms.katalon.core.mobile.keyword.MobileBuiltInKeywords$clearText$2.call(Unknown Source)
	at Ganti Nick Name.run(Ganti Nick Name:22)
	at com.kms.katalon.core.main.ScriptEngine.run(ScriptEngine.java:194)
	at com.kms.katalon.core.main.ScriptEngine.runScriptAsRawText(ScriptEngine.java:119)
	at com.kms.katalon.core.main.TestCaseExecutor.runScript(TestCaseExecutor.java:331)
	at com.kms.katalon.core.main.TestCaseExecutor.doExecute(TestCaseExecutor.java:322)
	at com.kms.katalon.core.main.TestCaseExecutor.processExecutionPhase(TestCaseExecutor.java:301)
	at com.kms.katalon.core.main.TestCaseExecutor.accessMainPhase(TestCaseExecutor.java:293)
	at com.kms.katalon.core.main.TestCaseExecutor.execute(TestCaseExecutor.java:227)
	at com.kms.katalon.core.main.TestSuiteExecutor.accessTestCaseMainPhase(TestSuiteExecutor.java:129)
	at com.kms.katalon.core.main.TestSuiteExecutor.accessTestSuiteMainPhase(TestSuiteExecutor.java:112)
	at com.kms.katalon.core.main.TestSuiteExecutor.execute(TestSuiteExecutor.java:81)
	at com.kms.katalon.core.main.TestCaseMain.startTestSuite(TestCaseMain.java:157)
	at com.kms.katalon.core.main.TestCaseMain$startTestSuite$0.call(Unknown Source)
	at TempTestSuite1552326842314.run(TempTestSuite1552326842314.groovy:35)]]></system-out>
         <system-err><![CDATA[2019-03-12 00:56:22 - [TEST_CASE][FAILED] - Test Cases/Ganti Nick Name: Test Cases/Ganti Nick Name FAILED.
Reason:
com.kms.katalon.core.exception.StepFailedException: Failed to clear text of element
	at com.kms.katalon.core.keyword.internal.KeywordMain.stepFailed(KeywordMain.groovy:48)
	at com.kms.katalon.core.mobile.keyword.internal.MobileKeywordMain.stepFailed(MobileKeywordMain.groovy:40)
	at com.kms.katalon.core.mobile.keyword.internal.MobileKeywordMain.runKeyword(MobileKeywordMain.groovy:23)
	at com.kms.katalon.core.mobile.keyword.builtin.ClearTextKeyword.clearText(ClearTextKeyword.groovy:80)
	at com.kms.katalon.core.mobile.keyword.builtin.ClearTextKeyword.execute(ClearTextKeyword.groovy:65)
	at com.kms.katalon.core.keyword.internal.KeywordExecutor.executeKeywordForPlatform(KeywordExecutor.groovy:56)
	at com.kms.katalon.core.mobile.keyword.MobileBuiltInKeywords.clearText(MobileBuiltInKeywords.groovy:683)
	at com.kms.katalon.core.mobile.keyword.MobileBuiltInKeywords$clearText$2.call(Unknown Source)
	at Ganti Nick Name.run(Ganti Nick Name:22)
	at com.kms.katalon.core.main.ScriptEngine.run(ScriptEngine.java:194)
	at com.kms.katalon.core.main.ScriptEngine.runScriptAsRawText(ScriptEngine.java:119)
	at com.kms.katalon.core.main.TestCaseExecutor.runScript(TestCaseExecutor.java:331)
	at com.kms.katalon.core.main.TestCaseExecutor.doExecute(TestCaseExecutor.java:322)
	at com.kms.katalon.core.main.TestCaseExecutor.processExecutionPhase(TestCaseExecutor.java:301)
	at com.kms.katalon.core.main.TestCaseExecutor.accessMainPhase(TestCaseExecutor.java:293)
	at com.kms.katalon.core.main.TestCaseExecutor.execute(TestCaseExecutor.java:227)
	at com.kms.katalon.core.main.TestSuiteExecutor.accessTestCaseMainPhase(TestSuiteExecutor.java:129)
	at com.kms.katalon.core.main.TestSuiteExecutor.accessTestSuiteMainPhase(TestSuiteExecutor.java:112)
	at com.kms.katalon.core.main.TestSuiteExecutor.execute(TestSuiteExecutor.java:81)
	at com.kms.katalon.core.main.TestCaseMain.startTestSuite(TestCaseMain.java:157)
	at com.kms.katalon.core.main.TestCaseMain$startTestSuite$0.call(Unknown Source)
	at TempTestSuite1552326842314.run(TempTestSuite1552326842314.groovy:35)]]></system-err>
      </testcase>
      <system-out><![CDATA[2019-03-12 00:54:05 - [TEST_SUITE][FAILED] - Smoke Test: Test Cases/Ganti Nick Name FAILED.
Reason:
com.kms.katalon.core.exception.StepFailedException: Failed to clear text of element
	at com.kms.katalon.core.keyword.internal.KeywordMain.stepFailed(KeywordMain.groovy:48)
	at com.kms.katalon.core.mobile.keyword.internal.MobileKeywordMain.stepFailed(MobileKeywordMain.groovy:40)
	at com.kms.katalon.core.mobile.keyword.internal.MobileKeywordMain.runKeyword(MobileKeywordMain.groovy:23)
	at com.kms.katalon.core.mobile.keyword.builtin.ClearTextKeyword.clearText(ClearTextKeyword.groovy:80)
	at com.kms.katalon.core.mobile.keyword.builtin.ClearTextKeyword.execute(ClearTextKeyword.groovy:65)
	at com.kms.katalon.core.keyword.internal.KeywordExecutor.executeKeywordForPlatform(KeywordExecutor.groovy:56)
	at com.kms.katalon.core.mobile.keyword.MobileBuiltInKeywords.clearText(MobileBuiltInKeywords.groovy:683)
	at com.kms.katalon.core.mobile.keyword.MobileBuiltInKeywords$clearText$2.call(Unknown Source)
	at Ganti Nick Name.run(Ganti Nick Name:22)
	at com.kms.katalon.core.main.ScriptEngine.run(ScriptEngine.java:194)
	at com.kms.katalon.core.main.ScriptEngine.runScriptAsRawText(ScriptEngine.java:119)
	at com.kms.katalon.core.main.TestCaseExecutor.runScript(TestCaseExecutor.java:331)
	at com.kms.katalon.core.main.TestCaseExecutor.doExecute(TestCaseExecutor.java:322)
	at com.kms.katalon.core.main.TestCaseExecutor.processExecutionPhase(TestCaseExecutor.java:301)
	at com.kms.katalon.core.main.TestCaseExecutor.accessMainPhase(TestCaseExecutor.java:293)
	at com.kms.katalon.core.main.TestCaseExecutor.execute(TestCaseExecutor.java:227)
	at com.kms.katalon.core.main.TestSuiteExecutor.accessTestCaseMainPhase(TestSuiteExecutor.java:129)
	at com.kms.katalon.core.main.TestSuiteExecutor.accessTestSuiteMainPhase(TestSuiteExecutor.java:112)
	at com.kms.katalon.core.main.TestSuiteExecutor.execute(TestSuiteExecutor.java:81)
	at com.kms.katalon.core.main.TestCaseMain.startTestSuite(TestCaseMain.java:157)
	at com.kms.katalon.core.main.TestCaseMain$startTestSuite$0.call(Unknown Source)
	at TempTestSuite1552326842314.run(TempTestSuite1552326842314.groovy:35)]]></system-out>
      <system-err><![CDATA[2019-03-12 00:54:05 - [TEST_SUITE][FAILED] - Smoke Test: Test Cases/Ganti Nick Name FAILED.
Reason:
com.kms.katalon.core.exception.StepFailedException: Failed to clear text of element
	at com.kms.katalon.core.keyword.internal.KeywordMain.stepFailed(KeywordMain.groovy:48)
	at com.kms.katalon.core.mobile.keyword.internal.MobileKeywordMain.stepFailed(MobileKeywordMain.groovy:40)
	at com.kms.katalon.core.mobile.keyword.internal.MobileKeywordMain.runKeyword(MobileKeywordMain.groovy:23)
	at com.kms.katalon.core.mobile.keyword.builtin.ClearTextKeyword.clearText(ClearTextKeyword.groovy:80)
	at com.kms.katalon.core.mobile.keyword.builtin.ClearTextKeyword.execute(ClearTextKeyword.groovy:65)
	at com.kms.katalon.core.keyword.internal.KeywordExecutor.executeKeywordForPlatform(KeywordExecutor.groovy:56)
	at com.kms.katalon.core.mobile.keyword.MobileBuiltInKeywords.clearText(MobileBuiltInKeywords.groovy:683)
	at com.kms.katalon.core.mobile.keyword.MobileBuiltInKeywords$clearText$2.call(Unknown Source)
	at Ganti Nick Name.run(Ganti Nick Name:22)
	at com.kms.katalon.core.main.ScriptEngine.run(ScriptEngine.java:194)
	at com.kms.katalon.core.main.ScriptEngine.runScriptAsRawText(ScriptEngine.java:119)
	at com.kms.katalon.core.main.TestCaseExecutor.runScript(TestCaseExecutor.java:331)
	at com.kms.katalon.core.main.TestCaseExecutor.doExecute(TestCaseExecutor.java:322)
	at com.kms.katalon.core.main.TestCaseExecutor.processExecutionPhase(TestCaseExecutor.java:301)
	at com.kms.katalon.core.main.TestCaseExecutor.accessMainPhase(TestCaseExecutor.java:293)
	at com.kms.katalon.core.main.TestCaseExecutor.execute(TestCaseExecutor.java:227)
	at com.kms.katalon.core.main.TestSuiteExecutor.accessTestCaseMainPhase(TestSuiteExecutor.java:129)
	at com.kms.katalon.core.main.TestSuiteExecutor.accessTestSuiteMainPhase(TestSuiteExecutor.java:112)
	at com.kms.katalon.core.main.TestSuiteExecutor.execute(TestSuiteExecutor.java:81)
	at com.kms.katalon.core.main.TestCaseMain.startTestSuite(TestCaseMain.java:157)
	at com.kms.katalon.core.main.TestCaseMain$startTestSuite$0.call(Unknown Source)
	at TempTestSuite1552326842314.run(TempTestSuite1552326842314.groovy:35)]]></system-err>
   </testsuite>
</testsuites>
