<?xml version="1.0" encoding="UTF-8"?>
<testsuites name="Smoke Test" time="140" tests="1" failures="3" errors="0">
   <testsuite name="Smoke Test" tests="1" failures="3" errors="0" time="140" timestamp="2019-03-13 00:24:55" hostname="geela - 192.168.139.2" id="Test Suites/Smoke Test">
      <properties>
         <property name="deviceName" value="OPPO RMX1805 (Android 8.1.0)"/>
         <property name="devicePlatform" value=""/>
         <property name="logFolder" value="C:\\Users\\geela\\Katalon Studio\\Netzme Smoke Test\\Katalon\\Reports\\Smoke Test\\20190313_002452"/>
         <property name="logFiles" value="C:\\Users\\geela\\Katalon Studio\\Netzme Smoke Test\\Katalon\\Reports\\Smoke Test\\20190313_002452\\appium.log, C:\\Users\\geela\\Katalon Studio\\Netzme Smoke Test\\Katalon\\Reports\\Smoke Test\\20190313_002452\\execution0.log"/>
         <property name="attachments" value="C:\\Users\\geela\\Katalon Studio\\Netzme Smoke Test\\Katalon\\Reports\\Smoke Test\\20190313_002452\\1552411625992.png, C:\\Users\\geela\\Katalon Studio\\Netzme Smoke Test\\Katalon\\Reports\\Smoke Test\\20190313_002452\\1552411626808.png, C:\\Users\\geela\\Katalon Studio\\Netzme Smoke Test\\Katalon\\Reports\\Smoke Test\\20190313_002452\\1552411628977.png, C:\\Users\\geela\\Katalon Studio\\Netzme Smoke Test\\Katalon\\Reports\\Smoke Test\\20190313_002452\\1552411629731.png, C:\\Users\\geela\\Katalon Studio\\Netzme Smoke Test\\Katalon\\Reports\\Smoke Test\\20190313_002452\\1552411633820.png, C:\\Users\\geela\\Katalon Studio\\Netzme Smoke Test\\Katalon\\Reports\\Smoke Test\\20190313_002452\\1552411634610.png"/>
         <property name="hostName" value="geela - 192.168.139.2"/>
         <property name="os" value="Windows 10 64bit"/>
         <property name="katalonVersion" value="6.0.5.10"/>
         <property name="deviceOS" value="Android"/>
         <property name="appiumVersion" value="1.8.1"/>
         <property name="deviceModel" value="RMX1805"/>
         <property name="hostAddress" value="192.168.139.2"/>
         <property name="deviceManufacturer" value="OPPO"/>
         <property name="deviceId" value="b9decb5a"/>
         <property name="deviceName" value="OPPO RMX1805 (Android 8.1.0)"/>
         <property name="deviceOSVersion" value="8.1.0"/>
      </properties>
      <testcase name="Test Cases/Smoke Test/Registrasi" classname="Test Cases/Smoke Test/Registrasi" status="PASSED">
         <system-out><![CDATA[2019-03-13 00:24:55 - [TEST_CASE][PASSED] - Test Cases/Smoke Test/Registrasi: Test Cases/Smoke Test/Registrasi

2019-03-13 00:24:56 - [TEST_STEP][PASSED] - startApplication("C:\Users\geela\Katalon Studio\Netzme Smoke Test\Katalon\Data Files\APK\Netzme.apk", false): Started app at: 'C:\Users\geela\Katalon Studio\Netzme Smoke Test\Katalon\Data Files\APK\Netzme.apk'

2019-03-13 00:25:05 - [MESSAGE][INFO] - Appium server started on port 53,275

2019-03-13 00:25:54 - [MESSAGE][PASSED] - Started app at: 'C:\Users\geela\Katalon Studio\Netzme Smoke Test\Katalon\Data Files\APK\Netzme.apk'

2019-03-13 00:25:54 - [TEST_STEP][PASSED] - tap(findTestObject("Registrasi/reg.btn-Next"), 10): Tapped on element 'Object Repository/Registrasi/reg.btn-Next'

2019-03-13 00:25:59 - [MESSAGE][PASSED] - Tapped on element 'Object Repository/Registrasi/reg.btn-Next'

2019-03-13 00:25:59 - [TEST_STEP][PASSED] - tap(findTestObject("Registrasi/reg.btn-Next"), 2): Tapped on element 'Object Repository/Registrasi/reg.btn-Next'

2019-03-13 00:26:00 - [MESSAGE][PASSED] - Tapped on element 'Object Repository/Registrasi/reg.btn-Next'

2019-03-13 00:26:00 - [TEST_STEP][PASSED] - tap(findTestObject("Registrasi/reg.btn-Next"), 2): Tapped on element 'Object Repository/Registrasi/reg.btn-Next'

2019-03-13 00:26:01 - [MESSAGE][PASSED] - Tapped on element 'Object Repository/Registrasi/reg.btn-Next'

2019-03-13 00:26:01 - [TEST_STEP][PASSED] - tap(findTestObject("Registrasi/reg.btn-Next"), 2): Tapped on element 'Object Repository/Registrasi/reg.btn-Next'

2019-03-13 00:26:03 - [MESSAGE][PASSED] - Tapped on element 'Object Repository/Registrasi/reg.btn-Next'

2019-03-13 00:26:03 - [TEST_STEP][PASSED] - tap(findTestObject("Registrasi/reg.btn-Next"), 2): Tapped on element 'Object Repository/Registrasi/reg.btn-Next'

2019-03-13 00:26:04 - [MESSAGE][PASSED] - Tapped on element 'Object Repository/Registrasi/reg.btn-Next'

2019-03-13 00:26:04 - [TEST_STEP][PASSED] - tap(findTestObject("Registrasi/reg.btn-JOIN NOW"), 2): Tapped on element 'Object Repository/Registrasi/reg.btn-JOIN NOW'

2019-03-13 00:26:06 - [MESSAGE][PASSED] - Tapped on element 'Object Repository/Registrasi/reg.btn-JOIN NOW'

2019-03-13 00:26:06 - [TEST_STEP][PASSED] - setText(findTestObject("Registrasi/reg.button-Phone number"), "08995097655", 2): Text '08995097655' has been set to element 'Object Repository/Registrasi/reg.button-Phone number'

2019-03-13 00:26:08 - [MESSAGE][PASSED] - Text '08995097655' has been set to element 'Object Repository/Registrasi/reg.button-Phone number'

2019-03-13 00:26:08 - [TEST_STEP][PASSED] - tap(findTestObject("Registrasi/reg.checkbock-Term condition"), 2): Tapped on element 'Object Repository/Registrasi/reg.checkbock-Term condition'

2019-03-13 00:26:09 - [MESSAGE][PASSED] - Tapped on element 'Object Repository/Registrasi/reg.checkbock-Term condition'

2019-03-13 00:26:09 - [TEST_STEP][PASSED] - tap(findTestObject("Registrasi/reg.button-REGISTER"), 2): Tapped on element 'Object Repository/Registrasi/reg.button-REGISTER'

2019-03-13 00:26:12 - [MESSAGE][PASSED] - Tapped on element 'Object Repository/Registrasi/reg.button-REGISTER'

2019-03-13 00:26:12 - [TEST_STEP][PASSED] - setText(findTestObject("Registrasi/reg.editText-Verification Number"), "0000", 2): Text '0000' has been set to element 'Object Repository/Registrasi/reg.editText-Verification Number'

2019-03-13 00:26:13 - [MESSAGE][PASSED] - Text '0000' has been set to element 'Object Repository/Registrasi/reg.editText-Verification Number'

2019-03-13 00:26:13 - [TEST_STEP][PASSED] - tap(findTestObject("Registrasi/reg.btn-VERIFY"), 2): Tapped on element 'Object Repository/Registrasi/reg.btn-VERIFY'

2019-03-13 00:26:15 - [MESSAGE][PASSED] - Tapped on element 'Object Repository/Registrasi/reg.btn-VERIFY'

2019-03-13 00:26:15 - [TEST_STEP][PASSED] - tap(findTestObject("General/general.btn - Allow"), 10): Tapped on element 'Object Repository/General/general.btn - Allow'

2019-03-13 00:26:23 - [MESSAGE][PASSED] - Tapped on element 'Object Repository/General/general.btn - Allow'

2019-03-13 00:26:23 - [TEST_STEP][PASSED] - clearText(findTestObject("Registrasi/reg.editText-Ganti Nick Name"), 2): Element 'Object Repository/Registrasi/reg.editText-Ganti Nick Name' text is cleared

2019-03-13 00:26:24 - [MESSAGE][PASSED] - Element 'Object Repository/Registrasi/reg.editText-Ganti Nick Name' text is cleared

2019-03-13 00:26:24 - [TEST_STEP][PASSED] - setText(findTestObject("Registrasi/reg.editText-Enter your name here"), "QA Netzme", 2): Text 'QA Netzme' has been set to element 'Object Repository/Registrasi/reg.editText-Enter your name here'

2019-03-13 00:26:27 - [MESSAGE][PASSED] - Text 'QA Netzme' has been set to element 'Object Repository/Registrasi/reg.editText-Enter your name here'

2019-03-13 00:26:27 - [TEST_STEP][PASSED] - tap(findTestObject("Registrasi/reg.button-SAVE"), 5): Tapped on element 'Object Repository/Registrasi/reg.button-SAVE'

2019-03-13 00:26:28 - [MESSAGE][PASSED] - Tapped on element 'Object Repository/Registrasi/reg.button-SAVE'

2019-03-13 00:26:28 - [TEST_STEP][PASSED] - delay(15, CONTINUE_ON_FAILURE): Delayed 15 second(s)

2019-03-13 00:26:43 - [MESSAGE][PASSED] - Delayed 15 second(s)

2019-03-13 00:26:43 - [TEST_STEP][PASSED] - tap(findTestObject("Registrasi/reg.checkbox-Dont show me again"), 5): Tapped on element 'Object Repository/Registrasi/reg.checkbox-Dont show me again'

2019-03-13 00:26:45 - [MESSAGE][PASSED] - Tapped on element 'Object Repository/Registrasi/reg.checkbox-Dont show me again'

2019-03-13 00:26:45 - [TEST_STEP][PASSED] - tap(findTestObject("Registrasi/reg.button-CLOSE"), 2): Tapped on element 'Object Repository/Registrasi/reg.button-CLOSE'

2019-03-13 00:26:46 - [MESSAGE][PASSED] - Tapped on element 'Object Repository/Registrasi/reg.button-CLOSE']]></system-out>
         <system-err><![CDATA[]]></system-err>
      </testcase>
      <testcase name="Test Cases/Smoke Test/Kirim Pesan Text" classname="Test Cases/Smoke Test/Kirim Pesan Text" status="FAILED">
         <failure type="FAILED" message="Test Cases/Smoke Test/Kirim Pesan Text FAILED.
Reason:
com.kms.katalon.core.exception.StepFailedException: Failed to tap on element 'Object Repository/General/general.btn - Back'
	at com.kms.katalon.core.keyword.internal.KeywordMain.stepFailed(KeywordMain.groovy:48)
	at com.kms.katalon.core.mobile.keyword.internal.MobileKeywordMain.stepFailed(MobileKeywordMain.groovy:40)
	at com.kms.katalon.core.mobile.keyword.internal.MobileKeywordMain.runKeyword(MobileKeywordMain.groovy:23)
	at com.kms.katalon.core.mobile.keyword.builtin.TapKeyword.tap(TapKeyword.groovy:83)
	at com.kms.katalon.core.mobile.keyword.builtin.TapKeyword.execute(TapKeyword.groovy:66)
	at com.kms.katalon.core.keyword.internal.KeywordExecutor.executeKeywordForPlatform(KeywordExecutor.groovy:56)
	at com.kms.katalon.core.mobile.keyword.MobileBuiltInKeywords.tap(MobileBuiltInKeywords.groovy:485)
	at com.kms.katalon.core.mobile.keyword.MobileBuiltInKeywords$tap$0.call(Unknown Source)
	at Kirim Pesan Text.run(Kirim Pesan Text:34)
	at com.kms.katalon.core.main.ScriptEngine.run(ScriptEngine.java:194)
	at com.kms.katalon.core.main.ScriptEngine.runScriptAsRawText(ScriptEngine.java:119)
	at com.kms.katalon.core.main.TestCaseExecutor.runScript(TestCaseExecutor.java:331)
	at com.kms.katalon.core.main.TestCaseExecutor.doExecute(TestCaseExecutor.java:322)
	at com.kms.katalon.core.main.TestCaseExecutor.processExecutionPhase(TestCaseExecutor.java:301)
	at com.kms.katalon.core.main.TestCaseExecutor.accessMainPhase(TestCaseExecutor.java:293)
	at com.kms.katalon.core.main.TestCaseExecutor.execute(TestCaseExecutor.java:227)
	at com.kms.katalon.core.main.TestSuiteExecutor.accessTestCaseMainPhase(TestSuiteExecutor.java:129)
	at com.kms.katalon.core.main.TestSuiteExecutor.accessTestSuiteMainPhase(TestSuiteExecutor.java:112)
	at com.kms.katalon.core.main.TestSuiteExecutor.execute(TestSuiteExecutor.java:81)
	at com.kms.katalon.core.main.TestCaseMain.startTestSuite(TestCaseMain.java:157)
	at com.kms.katalon.core.main.TestCaseMain$startTestSuite$0.call(Unknown Source)
	at TempTestSuite1552411492642.run(TempTestSuite1552411492642.groovy:35)
"/>
         <system-out><![CDATA[2019-03-13 00:26:46 - [TEST_CASE][FAILED] - Test Cases/Smoke Test/Kirim Pesan Text: Test Cases/Smoke Test/Kirim Pesan Text FAILED.
Reason:
com.kms.katalon.core.exception.StepFailedException: Failed to tap on element 'Object Repository/General/general.btn - Back'
	at com.kms.katalon.core.keyword.internal.KeywordMain.stepFailed(KeywordMain.groovy:48)
	at com.kms.katalon.core.mobile.keyword.internal.MobileKeywordMain.stepFailed(MobileKeywordMain.groovy:40)
	at com.kms.katalon.core.mobile.keyword.internal.MobileKeywordMain.runKeyword(MobileKeywordMain.groovy:23)
	at com.kms.katalon.core.mobile.keyword.builtin.TapKeyword.tap(TapKeyword.groovy:83)
	at com.kms.katalon.core.mobile.keyword.builtin.TapKeyword.execute(TapKeyword.groovy:66)
	at com.kms.katalon.core.keyword.internal.KeywordExecutor.executeKeywordForPlatform(KeywordExecutor.groovy:56)
	at com.kms.katalon.core.mobile.keyword.MobileBuiltInKeywords.tap(MobileBuiltInKeywords.groovy:485)
	at com.kms.katalon.core.mobile.keyword.MobileBuiltInKeywords$tap$0.call(Unknown Source)
	at Kirim Pesan Text.run(Kirim Pesan Text:34)
	at com.kms.katalon.core.main.ScriptEngine.run(ScriptEngine.java:194)
	at com.kms.katalon.core.main.ScriptEngine.runScriptAsRawText(ScriptEngine.java:119)
	at com.kms.katalon.core.main.TestCaseExecutor.runScript(TestCaseExecutor.java:331)
	at com.kms.katalon.core.main.TestCaseExecutor.doExecute(TestCaseExecutor.java:322)
	at com.kms.katalon.core.main.TestCaseExecutor.processExecutionPhase(TestCaseExecutor.java:301)
	at com.kms.katalon.core.main.TestCaseExecutor.accessMainPhase(TestCaseExecutor.java:293)
	at com.kms.katalon.core.main.TestCaseExecutor.execute(TestCaseExecutor.java:227)
	at com.kms.katalon.core.main.TestSuiteExecutor.accessTestCaseMainPhase(TestSuiteExecutor.java:129)
	at com.kms.katalon.core.main.TestSuiteExecutor.accessTestSuiteMainPhase(TestSuiteExecutor.java:112)
	at com.kms.katalon.core.main.TestSuiteExecutor.execute(TestSuiteExecutor.java:81)
	at com.kms.katalon.core.main.TestCaseMain.startTestSuite(TestCaseMain.java:157)
	at com.kms.katalon.core.main.TestCaseMain$startTestSuite$0.call(Unknown Source)
	at TempTestSuite1552411492642.run(TempTestSuite1552411492642.groovy:35)


2019-03-13 00:26:47 - [TEST_STEP][PASSED] - tap(findTestObject("Front View/frontView-Contact"), 1): Tapped on element 'Object Repository/Front View/frontView-Contact'

2019-03-13 00:26:48 - [MESSAGE][PASSED] - Tapped on element 'Object Repository/Front View/frontView-Contact'

2019-03-13 00:26:48 - [TEST_STEP][PASSED] - tap(findTestObject("Front View/frontView-Smart Button"), 1): Tapped on element 'Object Repository/Front View/frontView-Smart Button'

2019-03-13 00:26:50 - [MESSAGE][PASSED] - Tapped on element 'Object Repository/Front View/frontView-Smart Button'

2019-03-13 00:26:50 - [TEST_STEP][PASSED] - tap(findTestObject("Front View/frontView - Search"), 1): Tapped on element 'Object Repository/Front View/frontView - Search'

2019-03-13 00:26:53 - [MESSAGE][PASSED] - Tapped on element 'Object Repository/Front View/frontView - Search'

2019-03-13 00:26:53 - [TEST_STEP][PASSED] - setText(findTestObject("General/general.textField - Search contact  group"), "08995097611", 1): Text '08995097611' has been set to element 'Object Repository/General/general.textField - Search contact  group'

2019-03-13 00:26:55 - [MESSAGE][PASSED] - Text '08995097611' has been set to element 'Object Repository/General/general.textField - Search contact  group'

2019-03-13 00:26:55 - [TEST_STEP][PASSED] - tap(findTestObject("General/general.btn - 08995097611"), 1): Tapped on element 'Object Repository/General/general.btn - 08995097611'

2019-03-13 00:26:58 - [MESSAGE][PASSED] - Tapped on element 'Object Repository/General/general.btn - 08995097611'

2019-03-13 00:26:58 - [TEST_STEP][PASSED] - setText(findTestObject("Chat/chat.btn - Type message here"), "Test Send Text Message by GR", 1): Text 'Test Send Text Message by GR' has been set to element 'Object Repository/Chat/chat.btn - Type message here'

2019-03-13 00:26:59 - [MESSAGE][PASSED] - Text 'Test Send Text Message by GR' has been set to element 'Object Repository/Chat/chat.btn - Type message here'

2019-03-13 00:26:59 - [TEST_STEP][PASSED] - tap(findTestObject("Chat/chat.btn - send"), 1): Tapped on element 'Object Repository/Chat/chat.btn - send'

2019-03-13 00:27:01 - [MESSAGE][PASSED] - Tapped on element 'Object Repository/Chat/chat.btn - send'

2019-03-13 00:27:01 - [TEST_STEP][PASSED] - verifyElementVisible(findTestObject("Chat/chat.symbol-Terkirim"), 1, OPTIONAL): Element 'Object Repository/Chat/chat.symbol-Terkirim' is visible

2019-03-13 00:27:02 - [MESSAGE][PASSED] - Element 'Object Repository/Chat/chat.symbol-Terkirim' is visible

2019-03-13 00:27:02 - [TEST_STEP][PASSED] - tap(findTestObject("General/general.btn - Back"), 1): Tapped on element 'Object Repository/General/general.btn - Back'

2019-03-13 00:27:04 - [MESSAGE][PASSED] - Tapped on element 'Object Repository/General/general.btn - Back'

2019-03-13 00:27:04 - [TEST_STEP][FAILED] - tap(findTestObject("General/general.btn - Back"), 1): tap(findTestObject("General/general.btn - Back"), 1) FAILED.
Reason:
com.kms.katalon.core.exception.StepFailedException: Failed to tap on element 'Object Repository/General/general.btn - Back'
	at com.kms.katalon.core.keyword.internal.KeywordMain.stepFailed(KeywordMain.groovy:48)
	at com.kms.katalon.core.mobile.keyword.internal.MobileKeywordMain.stepFailed(MobileKeywordMain.groovy:40)
	at com.kms.katalon.core.mobile.keyword.internal.MobileKeywordMain.runKeyword(MobileKeywordMain.groovy:23)
	at com.kms.katalon.core.mobile.keyword.builtin.TapKeyword.tap(TapKeyword.groovy:83)
	at com.kms.katalon.core.mobile.keyword.builtin.TapKeyword.execute(TapKeyword.groovy:66)
	at com.kms.katalon.core.keyword.internal.KeywordExecutor.executeKeywordForPlatform(KeywordExecutor.groovy:56)
	at com.kms.katalon.core.mobile.keyword.MobileBuiltInKeywords.tap(MobileBuiltInKeywords.groovy:485)
	at com.kms.katalon.core.mobile.keyword.MobileBuiltInKeywords$tap$0.call(Unknown Source)
	at Kirim Pesan Text.run(Kirim Pesan Text:34)
	at com.kms.katalon.core.main.ScriptEngine.run(ScriptEngine.java:194)
	at com.kms.katalon.core.main.ScriptEngine.runScriptAsRawText(ScriptEngine.java:119)
	at com.kms.katalon.core.main.TestCaseExecutor.runScript(TestCaseExecutor.java:331)
	at com.kms.katalon.core.main.TestCaseExecutor.doExecute(TestCaseExecutor.java:322)
	at com.kms.katalon.core.main.TestCaseExecutor.processExecutionPhase(TestCaseExecutor.java:301)
	at com.kms.katalon.core.main.TestCaseExecutor.accessMainPhase(TestCaseExecutor.java:293)
	at com.kms.katalon.core.main.TestCaseExecutor.execute(TestCaseExecutor.java:227)
	at com.kms.katalon.core.main.TestSuiteExecutor.accessTestCaseMainPhase(TestSuiteExecutor.java:129)
	at com.kms.katalon.core.main.TestSuiteExecutor.accessTestSuiteMainPhase(TestSuiteExecutor.java:112)
	at com.kms.katalon.core.main.TestSuiteExecutor.execute(TestSuiteExecutor.java:81)
	at com.kms.katalon.core.main.TestCaseMain.startTestSuite(TestCaseMain.java:157)
	at com.kms.katalon.core.main.TestCaseMain$startTestSuite$0.call(Unknown Source)
	at TempTestSuite1552411492642.run(TempTestSuite1552411492642.groovy:35)


2019-03-13 00:27:06 - [MESSAGE][FAILED] - Object Object Repository/General/general.btn - Back not found
[[ATTACHMENT|C:\\Users\\geela\\Katalon Studio\\Netzme Smoke Test\\Katalon\\Reports\\Smoke Test\\20190313_002452\\1552411625992.png]]

2019-03-13 00:27:07 - [MESSAGE][FAILED] - Failed to tap on element 'Object Repository/General/general.btn - Back'
[[ATTACHMENT|C:\\Users\\geela\\Katalon Studio\\Netzme Smoke Test\\Katalon\\Reports\\Smoke Test\\20190313_002452\\1552411626808.png]]

2019-03-13 00:27:07 - [MESSAGE][FAILED] - tap(findTestObject("General/general.btn - Back"), 1) FAILED.
Reason:
com.kms.katalon.core.exception.StepFailedException: Failed to tap on element 'Object Repository/General/general.btn - Back'
	at com.kms.katalon.core.keyword.internal.KeywordMain.stepFailed(KeywordMain.groovy:48)
	at com.kms.katalon.core.mobile.keyword.internal.MobileKeywordMain.stepFailed(MobileKeywordMain.groovy:40)
	at com.kms.katalon.core.mobile.keyword.internal.MobileKeywordMain.runKeyword(MobileKeywordMain.groovy:23)
	at com.kms.katalon.core.mobile.keyword.builtin.TapKeyword.tap(TapKeyword.groovy:83)
	at com.kms.katalon.core.mobile.keyword.builtin.TapKeyword.execute(TapKeyword.groovy:66)
	at com.kms.katalon.core.keyword.internal.KeywordExecutor.executeKeywordForPlatform(KeywordExecutor.groovy:56)
	at com.kms.katalon.core.mobile.keyword.MobileBuiltInKeywords.tap(MobileBuiltInKeywords.groovy:485)
	at com.kms.katalon.core.mobile.keyword.MobileBuiltInKeywords$tap$0.call(Unknown Source)
	at Kirim Pesan Text.run(Kirim Pesan Text:34)
	at com.kms.katalon.core.main.ScriptEngine.run(ScriptEngine.java:194)
	at com.kms.katalon.core.main.ScriptEngine.runScriptAsRawText(ScriptEngine.java:119)
	at com.kms.katalon.core.main.TestCaseExecutor.runScript(TestCaseExecutor.java:331)
	at com.kms.katalon.core.main.TestCaseExecutor.doExecute(TestCaseExecutor.java:322)
	at com.kms.katalon.core.main.TestCaseExecutor.processExecutionPhase(TestCaseExecutor.java:301)
	at com.kms.katalon.core.main.TestCaseExecutor.accessMainPhase(TestCaseExecutor.java:293)
	at com.kms.katalon.core.main.TestCaseExecutor.execute(TestCaseExecutor.java:227)
	at com.kms.katalon.core.main.TestSuiteExecutor.accessTestCaseMainPhase(TestSuiteExecutor.java:129)
	at com.kms.katalon.core.main.TestSuiteExecutor.accessTestSuiteMainPhase(TestSuiteExecutor.java:112)
	at com.kms.katalon.core.main.TestSuiteExecutor.execute(TestSuiteExecutor.java:81)
	at com.kms.katalon.core.main.TestCaseMain.startTestSuite(TestCaseMain.java:157)
	at com.kms.katalon.core.main.TestCaseMain$startTestSuite$0.call(Unknown Source)
	at TempTestSuite1552411492642.run(TempTestSuite1552411492642.groovy:35)]]></system-out>
         <system-err><![CDATA[2019-03-13 00:26:46 - [TEST_CASE][FAILED] - Test Cases/Smoke Test/Kirim Pesan Text: Test Cases/Smoke Test/Kirim Pesan Text FAILED.
Reason:
com.kms.katalon.core.exception.StepFailedException: Failed to tap on element 'Object Repository/General/general.btn - Back'
	at com.kms.katalon.core.keyword.internal.KeywordMain.stepFailed(KeywordMain.groovy:48)
	at com.kms.katalon.core.mobile.keyword.internal.MobileKeywordMain.stepFailed(MobileKeywordMain.groovy:40)
	at com.kms.katalon.core.mobile.keyword.internal.MobileKeywordMain.runKeyword(MobileKeywordMain.groovy:23)
	at com.kms.katalon.core.mobile.keyword.builtin.TapKeyword.tap(TapKeyword.groovy:83)
	at com.kms.katalon.core.mobile.keyword.builtin.TapKeyword.execute(TapKeyword.groovy:66)
	at com.kms.katalon.core.keyword.internal.KeywordExecutor.executeKeywordForPlatform(KeywordExecutor.groovy:56)
	at com.kms.katalon.core.mobile.keyword.MobileBuiltInKeywords.tap(MobileBuiltInKeywords.groovy:485)
	at com.kms.katalon.core.mobile.keyword.MobileBuiltInKeywords$tap$0.call(Unknown Source)
	at Kirim Pesan Text.run(Kirim Pesan Text:34)
	at com.kms.katalon.core.main.ScriptEngine.run(ScriptEngine.java:194)
	at com.kms.katalon.core.main.ScriptEngine.runScriptAsRawText(ScriptEngine.java:119)
	at com.kms.katalon.core.main.TestCaseExecutor.runScript(TestCaseExecutor.java:331)
	at com.kms.katalon.core.main.TestCaseExecutor.doExecute(TestCaseExecutor.java:322)
	at com.kms.katalon.core.main.TestCaseExecutor.processExecutionPhase(TestCaseExecutor.java:301)
	at com.kms.katalon.core.main.TestCaseExecutor.accessMainPhase(TestCaseExecutor.java:293)
	at com.kms.katalon.core.main.TestCaseExecutor.execute(TestCaseExecutor.java:227)
	at com.kms.katalon.core.main.TestSuiteExecutor.accessTestCaseMainPhase(TestSuiteExecutor.java:129)
	at com.kms.katalon.core.main.TestSuiteExecutor.accessTestSuiteMainPhase(TestSuiteExecutor.java:112)
	at com.kms.katalon.core.main.TestSuiteExecutor.execute(TestSuiteExecutor.java:81)
	at com.kms.katalon.core.main.TestCaseMain.startTestSuite(TestCaseMain.java:157)
	at com.kms.katalon.core.main.TestCaseMain$startTestSuite$0.call(Unknown Source)
	at TempTestSuite1552411492642.run(TempTestSuite1552411492642.groovy:35)]]></system-err>
      </testcase>
      <testcase name="Test Cases/Smoke Test/Ganti PP" classname="Test Cases/Smoke Test/Ganti PP" status="FAILED">
         <failure type="FAILED" message="Test Cases/Smoke Test/Ganti PP FAILED.
Reason:
com.kms.katalon.core.exception.StepFailedException: Failed to tap on element 'Object Repository/Front View/frontView-Contact'
	at com.kms.katalon.core.keyword.internal.KeywordMain.stepFailed(KeywordMain.groovy:48)
	at com.kms.katalon.core.mobile.keyword.internal.MobileKeywordMain.stepFailed(MobileKeywordMain.groovy:40)
	at com.kms.katalon.core.mobile.keyword.internal.MobileKeywordMain.runKeyword(MobileKeywordMain.groovy:23)
	at com.kms.katalon.core.mobile.keyword.builtin.TapKeyword.tap(TapKeyword.groovy:83)
	at com.kms.katalon.core.mobile.keyword.builtin.TapKeyword.execute(TapKeyword.groovy:66)
	at com.kms.katalon.core.keyword.internal.KeywordExecutor.executeKeywordForPlatform(KeywordExecutor.groovy:56)
	at com.kms.katalon.core.mobile.keyword.MobileBuiltInKeywords.tap(MobileBuiltInKeywords.groovy:485)
	at com.kms.katalon.core.mobile.keyword.MobileBuiltInKeywords$tap$0.call(Unknown Source)
	at Ganti PP.run(Ganti PP:17)
	at com.kms.katalon.core.main.ScriptEngine.run(ScriptEngine.java:194)
	at com.kms.katalon.core.main.ScriptEngine.runScriptAsRawText(ScriptEngine.java:119)
	at com.kms.katalon.core.main.TestCaseExecutor.runScript(TestCaseExecutor.java:331)
	at com.kms.katalon.core.main.TestCaseExecutor.doExecute(TestCaseExecutor.java:322)
	at com.kms.katalon.core.main.TestCaseExecutor.processExecutionPhase(TestCaseExecutor.java:301)
	at com.kms.katalon.core.main.TestCaseExecutor.accessMainPhase(TestCaseExecutor.java:293)
	at com.kms.katalon.core.main.TestCaseExecutor.execute(TestCaseExecutor.java:227)
	at com.kms.katalon.core.main.TestSuiteExecutor.accessTestCaseMainPhase(TestSuiteExecutor.java:129)
	at com.kms.katalon.core.main.TestSuiteExecutor.accessTestSuiteMainPhase(TestSuiteExecutor.java:112)
	at com.kms.katalon.core.main.TestSuiteExecutor.execute(TestSuiteExecutor.java:81)
	at com.kms.katalon.core.main.TestCaseMain.startTestSuite(TestCaseMain.java:157)
	at com.kms.katalon.core.main.TestCaseMain$startTestSuite$0.call(Unknown Source)
	at TempTestSuite1552411492642.run(TempTestSuite1552411492642.groovy:35)
"/>
         <system-out><![CDATA[2019-03-13 00:27:07 - [TEST_CASE][FAILED] - Test Cases/Smoke Test/Ganti PP: Test Cases/Smoke Test/Ganti PP FAILED.
Reason:
com.kms.katalon.core.exception.StepFailedException: Failed to tap on element 'Object Repository/Front View/frontView-Contact'
	at com.kms.katalon.core.keyword.internal.KeywordMain.stepFailed(KeywordMain.groovy:48)
	at com.kms.katalon.core.mobile.keyword.internal.MobileKeywordMain.stepFailed(MobileKeywordMain.groovy:40)
	at com.kms.katalon.core.mobile.keyword.internal.MobileKeywordMain.runKeyword(MobileKeywordMain.groovy:23)
	at com.kms.katalon.core.mobile.keyword.builtin.TapKeyword.tap(TapKeyword.groovy:83)
	at com.kms.katalon.core.mobile.keyword.builtin.TapKeyword.execute(TapKeyword.groovy:66)
	at com.kms.katalon.core.keyword.internal.KeywordExecutor.executeKeywordForPlatform(KeywordExecutor.groovy:56)
	at com.kms.katalon.core.mobile.keyword.MobileBuiltInKeywords.tap(MobileBuiltInKeywords.groovy:485)
	at com.kms.katalon.core.mobile.keyword.MobileBuiltInKeywords$tap$0.call(Unknown Source)
	at Ganti PP.run(Ganti PP:17)
	at com.kms.katalon.core.main.ScriptEngine.run(ScriptEngine.java:194)
	at com.kms.katalon.core.main.ScriptEngine.runScriptAsRawText(ScriptEngine.java:119)
	at com.kms.katalon.core.main.TestCaseExecutor.runScript(TestCaseExecutor.java:331)
	at com.kms.katalon.core.main.TestCaseExecutor.doExecute(TestCaseExecutor.java:322)
	at com.kms.katalon.core.main.TestCaseExecutor.processExecutionPhase(TestCaseExecutor.java:301)
	at com.kms.katalon.core.main.TestCaseExecutor.accessMainPhase(TestCaseExecutor.java:293)
	at com.kms.katalon.core.main.TestCaseExecutor.execute(TestCaseExecutor.java:227)
	at com.kms.katalon.core.main.TestSuiteExecutor.accessTestCaseMainPhase(TestSuiteExecutor.java:129)
	at com.kms.katalon.core.main.TestSuiteExecutor.accessTestSuiteMainPhase(TestSuiteExecutor.java:112)
	at com.kms.katalon.core.main.TestSuiteExecutor.execute(TestSuiteExecutor.java:81)
	at com.kms.katalon.core.main.TestCaseMain.startTestSuite(TestCaseMain.java:157)
	at com.kms.katalon.core.main.TestCaseMain$startTestSuite$0.call(Unknown Source)
	at TempTestSuite1552411492642.run(TempTestSuite1552411492642.groovy:35)


2019-03-13 00:27:07 - [TEST_STEP][FAILED] - tap(findTestObject("Front View/frontView-Contact"), 1): tap(findTestObject("Front View/frontView-Contact"), 1) FAILED.
Reason:
com.kms.katalon.core.exception.StepFailedException: Failed to tap on element 'Object Repository/Front View/frontView-Contact'
	at com.kms.katalon.core.keyword.internal.KeywordMain.stepFailed(KeywordMain.groovy:48)
	at com.kms.katalon.core.mobile.keyword.internal.MobileKeywordMain.stepFailed(MobileKeywordMain.groovy:40)
	at com.kms.katalon.core.mobile.keyword.internal.MobileKeywordMain.runKeyword(MobileKeywordMain.groovy:23)
	at com.kms.katalon.core.mobile.keyword.builtin.TapKeyword.tap(TapKeyword.groovy:83)
	at com.kms.katalon.core.mobile.keyword.builtin.TapKeyword.execute(TapKeyword.groovy:66)
	at com.kms.katalon.core.keyword.internal.KeywordExecutor.executeKeywordForPlatform(KeywordExecutor.groovy:56)
	at com.kms.katalon.core.mobile.keyword.MobileBuiltInKeywords.tap(MobileBuiltInKeywords.groovy:485)
	at com.kms.katalon.core.mobile.keyword.MobileBuiltInKeywords$tap$0.call(Unknown Source)
	at Ganti PP.run(Ganti PP:17)
	at com.kms.katalon.core.main.ScriptEngine.run(ScriptEngine.java:194)
	at com.kms.katalon.core.main.ScriptEngine.runScriptAsRawText(ScriptEngine.java:119)
	at com.kms.katalon.core.main.TestCaseExecutor.runScript(TestCaseExecutor.java:331)
	at com.kms.katalon.core.main.TestCaseExecutor.doExecute(TestCaseExecutor.java:322)
	at com.kms.katalon.core.main.TestCaseExecutor.processExecutionPhase(TestCaseExecutor.java:301)
	at com.kms.katalon.core.main.TestCaseExecutor.accessMainPhase(TestCaseExecutor.java:293)
	at com.kms.katalon.core.main.TestCaseExecutor.execute(TestCaseExecutor.java:227)
	at com.kms.katalon.core.main.TestSuiteExecutor.accessTestCaseMainPhase(TestSuiteExecutor.java:129)
	at com.kms.katalon.core.main.TestSuiteExecutor.accessTestSuiteMainPhase(TestSuiteExecutor.java:112)
	at com.kms.katalon.core.main.TestSuiteExecutor.execute(TestSuiteExecutor.java:81)
	at com.kms.katalon.core.main.TestCaseMain.startTestSuite(TestCaseMain.java:157)
	at com.kms.katalon.core.main.TestCaseMain$startTestSuite$0.call(Unknown Source)
	at TempTestSuite1552411492642.run(TempTestSuite1552411492642.groovy:35)


2019-03-13 00:27:09 - [MESSAGE][FAILED] - Object Object Repository/Front View/frontView-Contact not found
[[ATTACHMENT|C:\\Users\\geela\\Katalon Studio\\Netzme Smoke Test\\Katalon\\Reports\\Smoke Test\\20190313_002452\\1552411628977.png]]

2019-03-13 00:27:10 - [MESSAGE][FAILED] - Failed to tap on element 'Object Repository/Front View/frontView-Contact'
[[ATTACHMENT|C:\\Users\\geela\\Katalon Studio\\Netzme Smoke Test\\Katalon\\Reports\\Smoke Test\\20190313_002452\\1552411629731.png]]

2019-03-13 00:27:10 - [MESSAGE][FAILED] - tap(findTestObject("Front View/frontView-Contact"), 1) FAILED.
Reason:
com.kms.katalon.core.exception.StepFailedException: Failed to tap on element 'Object Repository/Front View/frontView-Contact'
	at com.kms.katalon.core.keyword.internal.KeywordMain.stepFailed(KeywordMain.groovy:48)
	at com.kms.katalon.core.mobile.keyword.internal.MobileKeywordMain.stepFailed(MobileKeywordMain.groovy:40)
	at com.kms.katalon.core.mobile.keyword.internal.MobileKeywordMain.runKeyword(MobileKeywordMain.groovy:23)
	at com.kms.katalon.core.mobile.keyword.builtin.TapKeyword.tap(TapKeyword.groovy:83)
	at com.kms.katalon.core.mobile.keyword.builtin.TapKeyword.execute(TapKeyword.groovy:66)
	at com.kms.katalon.core.keyword.internal.KeywordExecutor.executeKeywordForPlatform(KeywordExecutor.groovy:56)
	at com.kms.katalon.core.mobile.keyword.MobileBuiltInKeywords.tap(MobileBuiltInKeywords.groovy:485)
	at com.kms.katalon.core.mobile.keyword.MobileBuiltInKeywords$tap$0.call(Unknown Source)
	at Ganti PP.run(Ganti PP:17)
	at com.kms.katalon.core.main.ScriptEngine.run(ScriptEngine.java:194)
	at com.kms.katalon.core.main.ScriptEngine.runScriptAsRawText(ScriptEngine.java:119)
	at com.kms.katalon.core.main.TestCaseExecutor.runScript(TestCaseExecutor.java:331)
	at com.kms.katalon.core.main.TestCaseExecutor.doExecute(TestCaseExecutor.java:322)
	at com.kms.katalon.core.main.TestCaseExecutor.processExecutionPhase(TestCaseExecutor.java:301)
	at com.kms.katalon.core.main.TestCaseExecutor.accessMainPhase(TestCaseExecutor.java:293)
	at com.kms.katalon.core.main.TestCaseExecutor.execute(TestCaseExecutor.java:227)
	at com.kms.katalon.core.main.TestSuiteExecutor.accessTestCaseMainPhase(TestSuiteExecutor.java:129)
	at com.kms.katalon.core.main.TestSuiteExecutor.accessTestSuiteMainPhase(TestSuiteExecutor.java:112)
	at com.kms.katalon.core.main.TestSuiteExecutor.execute(TestSuiteExecutor.java:81)
	at com.kms.katalon.core.main.TestCaseMain.startTestSuite(TestCaseMain.java:157)
	at com.kms.katalon.core.main.TestCaseMain$startTestSuite$0.call(Unknown Source)
	at TempTestSuite1552411492642.run(TempTestSuite1552411492642.groovy:35)]]></system-out>
         <system-err><![CDATA[2019-03-13 00:27:07 - [TEST_CASE][FAILED] - Test Cases/Smoke Test/Ganti PP: Test Cases/Smoke Test/Ganti PP FAILED.
Reason:
com.kms.katalon.core.exception.StepFailedException: Failed to tap on element 'Object Repository/Front View/frontView-Contact'
	at com.kms.katalon.core.keyword.internal.KeywordMain.stepFailed(KeywordMain.groovy:48)
	at com.kms.katalon.core.mobile.keyword.internal.MobileKeywordMain.stepFailed(MobileKeywordMain.groovy:40)
	at com.kms.katalon.core.mobile.keyword.internal.MobileKeywordMain.runKeyword(MobileKeywordMain.groovy:23)
	at com.kms.katalon.core.mobile.keyword.builtin.TapKeyword.tap(TapKeyword.groovy:83)
	at com.kms.katalon.core.mobile.keyword.builtin.TapKeyword.execute(TapKeyword.groovy:66)
	at com.kms.katalon.core.keyword.internal.KeywordExecutor.executeKeywordForPlatform(KeywordExecutor.groovy:56)
	at com.kms.katalon.core.mobile.keyword.MobileBuiltInKeywords.tap(MobileBuiltInKeywords.groovy:485)
	at com.kms.katalon.core.mobile.keyword.MobileBuiltInKeywords$tap$0.call(Unknown Source)
	at Ganti PP.run(Ganti PP:17)
	at com.kms.katalon.core.main.ScriptEngine.run(ScriptEngine.java:194)
	at com.kms.katalon.core.main.ScriptEngine.runScriptAsRawText(ScriptEngine.java:119)
	at com.kms.katalon.core.main.TestCaseExecutor.runScript(TestCaseExecutor.java:331)
	at com.kms.katalon.core.main.TestCaseExecutor.doExecute(TestCaseExecutor.java:322)
	at com.kms.katalon.core.main.TestCaseExecutor.processExecutionPhase(TestCaseExecutor.java:301)
	at com.kms.katalon.core.main.TestCaseExecutor.accessMainPhase(TestCaseExecutor.java:293)
	at com.kms.katalon.core.main.TestCaseExecutor.execute(TestCaseExecutor.java:227)
	at com.kms.katalon.core.main.TestSuiteExecutor.accessTestCaseMainPhase(TestSuiteExecutor.java:129)
	at com.kms.katalon.core.main.TestSuiteExecutor.accessTestSuiteMainPhase(TestSuiteExecutor.java:112)
	at com.kms.katalon.core.main.TestSuiteExecutor.execute(TestSuiteExecutor.java:81)
	at com.kms.katalon.core.main.TestCaseMain.startTestSuite(TestCaseMain.java:157)
	at com.kms.katalon.core.main.TestCaseMain$startTestSuite$0.call(Unknown Source)
	at TempTestSuite1552411492642.run(TempTestSuite1552411492642.groovy:35)]]></system-err>
      </testcase>
      <testcase name="Test Cases/Smoke Test/Ganti Nick Name" classname="Test Cases/Smoke Test/Ganti Nick Name" status="FAILED">
         <failure type="FAILED" message="Test Cases/Smoke Test/Ganti Nick Name FAILED.
Reason:
com.kms.katalon.core.exception.StepFailedException: Failed to tap on element 'Object Repository/Front View/frontView-Contact'
	at com.kms.katalon.core.keyword.internal.KeywordMain.stepFailed(KeywordMain.groovy:48)
	at com.kms.katalon.core.mobile.keyword.internal.MobileKeywordMain.stepFailed(MobileKeywordMain.groovy:40)
	at com.kms.katalon.core.mobile.keyword.internal.MobileKeywordMain.runKeyword(MobileKeywordMain.groovy:23)
	at com.kms.katalon.core.mobile.keyword.builtin.TapKeyword.tap(TapKeyword.groovy:83)
	at com.kms.katalon.core.mobile.keyword.builtin.TapKeyword.execute(TapKeyword.groovy:66)
	at com.kms.katalon.core.keyword.internal.KeywordExecutor.executeKeywordForPlatform(KeywordExecutor.groovy:56)
	at com.kms.katalon.core.mobile.keyword.MobileBuiltInKeywords.tap(MobileBuiltInKeywords.groovy:485)
	at com.kms.katalon.core.mobile.keyword.MobileBuiltInKeywords$tap$0.call(Unknown Source)
	at Ganti Nick Name.run(Ganti Nick Name:16)
	at com.kms.katalon.core.main.ScriptEngine.run(ScriptEngine.java:194)
	at com.kms.katalon.core.main.ScriptEngine.runScriptAsRawText(ScriptEngine.java:119)
	at com.kms.katalon.core.main.TestCaseExecutor.runScript(TestCaseExecutor.java:331)
	at com.kms.katalon.core.main.TestCaseExecutor.doExecute(TestCaseExecutor.java:322)
	at com.kms.katalon.core.main.TestCaseExecutor.processExecutionPhase(TestCaseExecutor.java:301)
	at com.kms.katalon.core.main.TestCaseExecutor.accessMainPhase(TestCaseExecutor.java:293)
	at com.kms.katalon.core.main.TestCaseExecutor.execute(TestCaseExecutor.java:227)
	at com.kms.katalon.core.main.TestSuiteExecutor.accessTestCaseMainPhase(TestSuiteExecutor.java:129)
	at com.kms.katalon.core.main.TestSuiteExecutor.accessTestSuiteMainPhase(TestSuiteExecutor.java:112)
	at com.kms.katalon.core.main.TestSuiteExecutor.execute(TestSuiteExecutor.java:81)
	at com.kms.katalon.core.main.TestCaseMain.startTestSuite(TestCaseMain.java:157)
	at com.kms.katalon.core.main.TestCaseMain$startTestSuite$0.call(Unknown Source)
	at TempTestSuite1552411492642.run(TempTestSuite1552411492642.groovy:35)
"/>
         <system-out><![CDATA[2019-03-13 00:27:10 - [TEST_CASE][FAILED] - Test Cases/Smoke Test/Ganti Nick Name: Test Cases/Smoke Test/Ganti Nick Name FAILED.
Reason:
com.kms.katalon.core.exception.StepFailedException: Failed to tap on element 'Object Repository/Front View/frontView-Contact'
	at com.kms.katalon.core.keyword.internal.KeywordMain.stepFailed(KeywordMain.groovy:48)
	at com.kms.katalon.core.mobile.keyword.internal.MobileKeywordMain.stepFailed(MobileKeywordMain.groovy:40)
	at com.kms.katalon.core.mobile.keyword.internal.MobileKeywordMain.runKeyword(MobileKeywordMain.groovy:23)
	at com.kms.katalon.core.mobile.keyword.builtin.TapKeyword.tap(TapKeyword.groovy:83)
	at com.kms.katalon.core.mobile.keyword.builtin.TapKeyword.execute(TapKeyword.groovy:66)
	at com.kms.katalon.core.keyword.internal.KeywordExecutor.executeKeywordForPlatform(KeywordExecutor.groovy:56)
	at com.kms.katalon.core.mobile.keyword.MobileBuiltInKeywords.tap(MobileBuiltInKeywords.groovy:485)
	at com.kms.katalon.core.mobile.keyword.MobileBuiltInKeywords$tap$0.call(Unknown Source)
	at Ganti Nick Name.run(Ganti Nick Name:16)
	at com.kms.katalon.core.main.ScriptEngine.run(ScriptEngine.java:194)
	at com.kms.katalon.core.main.ScriptEngine.runScriptAsRawText(ScriptEngine.java:119)
	at com.kms.katalon.core.main.TestCaseExecutor.runScript(TestCaseExecutor.java:331)
	at com.kms.katalon.core.main.TestCaseExecutor.doExecute(TestCaseExecutor.java:322)
	at com.kms.katalon.core.main.TestCaseExecutor.processExecutionPhase(TestCaseExecutor.java:301)
	at com.kms.katalon.core.main.TestCaseExecutor.accessMainPhase(TestCaseExecutor.java:293)
	at com.kms.katalon.core.main.TestCaseExecutor.execute(TestCaseExecutor.java:227)
	at com.kms.katalon.core.main.TestSuiteExecutor.accessTestCaseMainPhase(TestSuiteExecutor.java:129)
	at com.kms.katalon.core.main.TestSuiteExecutor.accessTestSuiteMainPhase(TestSuiteExecutor.java:112)
	at com.kms.katalon.core.main.TestSuiteExecutor.execute(TestSuiteExecutor.java:81)
	at com.kms.katalon.core.main.TestCaseMain.startTestSuite(TestCaseMain.java:157)
	at com.kms.katalon.core.main.TestCaseMain$startTestSuite$0.call(Unknown Source)
	at TempTestSuite1552411492642.run(TempTestSuite1552411492642.groovy:35)


2019-03-13 00:27:10 - [TEST_STEP][FAILED] - tap(findTestObject("Front View/frontView-Contact"), 3): tap(findTestObject("Front View/frontView-Contact"), 3) FAILED.
Reason:
com.kms.katalon.core.exception.StepFailedException: Failed to tap on element 'Object Repository/Front View/frontView-Contact'
	at com.kms.katalon.core.keyword.internal.KeywordMain.stepFailed(KeywordMain.groovy:48)
	at com.kms.katalon.core.mobile.keyword.internal.MobileKeywordMain.stepFailed(MobileKeywordMain.groovy:40)
	at com.kms.katalon.core.mobile.keyword.internal.MobileKeywordMain.runKeyword(MobileKeywordMain.groovy:23)
	at com.kms.katalon.core.mobile.keyword.builtin.TapKeyword.tap(TapKeyword.groovy:83)
	at com.kms.katalon.core.mobile.keyword.builtin.TapKeyword.execute(TapKeyword.groovy:66)
	at com.kms.katalon.core.keyword.internal.KeywordExecutor.executeKeywordForPlatform(KeywordExecutor.groovy:56)
	at com.kms.katalon.core.mobile.keyword.MobileBuiltInKeywords.tap(MobileBuiltInKeywords.groovy:485)
	at com.kms.katalon.core.mobile.keyword.MobileBuiltInKeywords$tap$0.call(Unknown Source)
	at Ganti Nick Name.run(Ganti Nick Name:16)
	at com.kms.katalon.core.main.ScriptEngine.run(ScriptEngine.java:194)
	at com.kms.katalon.core.main.ScriptEngine.runScriptAsRawText(ScriptEngine.java:119)
	at com.kms.katalon.core.main.TestCaseExecutor.runScript(TestCaseExecutor.java:331)
	at com.kms.katalon.core.main.TestCaseExecutor.doExecute(TestCaseExecutor.java:322)
	at com.kms.katalon.core.main.TestCaseExecutor.processExecutionPhase(TestCaseExecutor.java:301)
	at com.kms.katalon.core.main.TestCaseExecutor.accessMainPhase(TestCaseExecutor.java:293)
	at com.kms.katalon.core.main.TestCaseExecutor.execute(TestCaseExecutor.java:227)
	at com.kms.katalon.core.main.TestSuiteExecutor.accessTestCaseMainPhase(TestSuiteExecutor.java:129)
	at com.kms.katalon.core.main.TestSuiteExecutor.accessTestSuiteMainPhase(TestSuiteExecutor.java:112)
	at com.kms.katalon.core.main.TestSuiteExecutor.execute(TestSuiteExecutor.java:81)
	at com.kms.katalon.core.main.TestCaseMain.startTestSuite(TestCaseMain.java:157)
	at com.kms.katalon.core.main.TestCaseMain$startTestSuite$0.call(Unknown Source)
	at TempTestSuite1552411492642.run(TempTestSuite1552411492642.groovy:35)


2019-03-13 00:27:14 - [MESSAGE][FAILED] - Object Object Repository/Front View/frontView-Contact not found
[[ATTACHMENT|C:\\Users\\geela\\Katalon Studio\\Netzme Smoke Test\\Katalon\\Reports\\Smoke Test\\20190313_002452\\1552411633820.png]]

2019-03-13 00:27:15 - [MESSAGE][FAILED] - Failed to tap on element 'Object Repository/Front View/frontView-Contact'
[[ATTACHMENT|C:\\Users\\geela\\Katalon Studio\\Netzme Smoke Test\\Katalon\\Reports\\Smoke Test\\20190313_002452\\1552411634610.png]]

2019-03-13 00:27:15 - [MESSAGE][FAILED] - tap(findTestObject("Front View/frontView-Contact"), 3) FAILED.
Reason:
com.kms.katalon.core.exception.StepFailedException: Failed to tap on element 'Object Repository/Front View/frontView-Contact'
	at com.kms.katalon.core.keyword.internal.KeywordMain.stepFailed(KeywordMain.groovy:48)
	at com.kms.katalon.core.mobile.keyword.internal.MobileKeywordMain.stepFailed(MobileKeywordMain.groovy:40)
	at com.kms.katalon.core.mobile.keyword.internal.MobileKeywordMain.runKeyword(MobileKeywordMain.groovy:23)
	at com.kms.katalon.core.mobile.keyword.builtin.TapKeyword.tap(TapKeyword.groovy:83)
	at com.kms.katalon.core.mobile.keyword.builtin.TapKeyword.execute(TapKeyword.groovy:66)
	at com.kms.katalon.core.keyword.internal.KeywordExecutor.executeKeywordForPlatform(KeywordExecutor.groovy:56)
	at com.kms.katalon.core.mobile.keyword.MobileBuiltInKeywords.tap(MobileBuiltInKeywords.groovy:485)
	at com.kms.katalon.core.mobile.keyword.MobileBuiltInKeywords$tap$0.call(Unknown Source)
	at Ganti Nick Name.run(Ganti Nick Name:16)
	at com.kms.katalon.core.main.ScriptEngine.run(ScriptEngine.java:194)
	at com.kms.katalon.core.main.ScriptEngine.runScriptAsRawText(ScriptEngine.java:119)
	at com.kms.katalon.core.main.TestCaseExecutor.runScript(TestCaseExecutor.java:331)
	at com.kms.katalon.core.main.TestCaseExecutor.doExecute(TestCaseExecutor.java:322)
	at com.kms.katalon.core.main.TestCaseExecutor.processExecutionPhase(TestCaseExecutor.java:301)
	at com.kms.katalon.core.main.TestCaseExecutor.accessMainPhase(TestCaseExecutor.java:293)
	at com.kms.katalon.core.main.TestCaseExecutor.execute(TestCaseExecutor.java:227)
	at com.kms.katalon.core.main.TestSuiteExecutor.accessTestCaseMainPhase(TestSuiteExecutor.java:129)
	at com.kms.katalon.core.main.TestSuiteExecutor.accessTestSuiteMainPhase(TestSuiteExecutor.java:112)
	at com.kms.katalon.core.main.TestSuiteExecutor.execute(TestSuiteExecutor.java:81)
	at com.kms.katalon.core.main.TestCaseMain.startTestSuite(TestCaseMain.java:157)
	at com.kms.katalon.core.main.TestCaseMain$startTestSuite$0.call(Unknown Source)
	at TempTestSuite1552411492642.run(TempTestSuite1552411492642.groovy:35)]]></system-out>
         <system-err><![CDATA[2019-03-13 00:27:10 - [TEST_CASE][FAILED] - Test Cases/Smoke Test/Ganti Nick Name: Test Cases/Smoke Test/Ganti Nick Name FAILED.
Reason:
com.kms.katalon.core.exception.StepFailedException: Failed to tap on element 'Object Repository/Front View/frontView-Contact'
	at com.kms.katalon.core.keyword.internal.KeywordMain.stepFailed(KeywordMain.groovy:48)
	at com.kms.katalon.core.mobile.keyword.internal.MobileKeywordMain.stepFailed(MobileKeywordMain.groovy:40)
	at com.kms.katalon.core.mobile.keyword.internal.MobileKeywordMain.runKeyword(MobileKeywordMain.groovy:23)
	at com.kms.katalon.core.mobile.keyword.builtin.TapKeyword.tap(TapKeyword.groovy:83)
	at com.kms.katalon.core.mobile.keyword.builtin.TapKeyword.execute(TapKeyword.groovy:66)
	at com.kms.katalon.core.keyword.internal.KeywordExecutor.executeKeywordForPlatform(KeywordExecutor.groovy:56)
	at com.kms.katalon.core.mobile.keyword.MobileBuiltInKeywords.tap(MobileBuiltInKeywords.groovy:485)
	at com.kms.katalon.core.mobile.keyword.MobileBuiltInKeywords$tap$0.call(Unknown Source)
	at Ganti Nick Name.run(Ganti Nick Name:16)
	at com.kms.katalon.core.main.ScriptEngine.run(ScriptEngine.java:194)
	at com.kms.katalon.core.main.ScriptEngine.runScriptAsRawText(ScriptEngine.java:119)
	at com.kms.katalon.core.main.TestCaseExecutor.runScript(TestCaseExecutor.java:331)
	at com.kms.katalon.core.main.TestCaseExecutor.doExecute(TestCaseExecutor.java:322)
	at com.kms.katalon.core.main.TestCaseExecutor.processExecutionPhase(TestCaseExecutor.java:301)
	at com.kms.katalon.core.main.TestCaseExecutor.accessMainPhase(TestCaseExecutor.java:293)
	at com.kms.katalon.core.main.TestCaseExecutor.execute(TestCaseExecutor.java:227)
	at com.kms.katalon.core.main.TestSuiteExecutor.accessTestCaseMainPhase(TestSuiteExecutor.java:129)
	at com.kms.katalon.core.main.TestSuiteExecutor.accessTestSuiteMainPhase(TestSuiteExecutor.java:112)
	at com.kms.katalon.core.main.TestSuiteExecutor.execute(TestSuiteExecutor.java:81)
	at com.kms.katalon.core.main.TestCaseMain.startTestSuite(TestCaseMain.java:157)
	at com.kms.katalon.core.main.TestCaseMain$startTestSuite$0.call(Unknown Source)
	at TempTestSuite1552411492642.run(TempTestSuite1552411492642.groovy:35)]]></system-err>
      </testcase>
      <system-out><![CDATA[2019-03-13 00:24:55 - [TEST_SUITE][FAILED] - Smoke Test: Test Cases/Smoke Test/Kirim Pesan Text FAILED.
Reason:
com.kms.katalon.core.exception.StepFailedException: Failed to tap on element 'Object Repository/General/general.btn - Back'
	at com.kms.katalon.core.keyword.internal.KeywordMain.stepFailed(KeywordMain.groovy:48)
	at com.kms.katalon.core.mobile.keyword.internal.MobileKeywordMain.stepFailed(MobileKeywordMain.groovy:40)
	at com.kms.katalon.core.mobile.keyword.internal.MobileKeywordMain.runKeyword(MobileKeywordMain.groovy:23)
	at com.kms.katalon.core.mobile.keyword.builtin.TapKeyword.tap(TapKeyword.groovy:83)
	at com.kms.katalon.core.mobile.keyword.builtin.TapKeyword.execute(TapKeyword.groovy:66)
	at com.kms.katalon.core.keyword.internal.KeywordExecutor.executeKeywordForPlatform(KeywordExecutor.groovy:56)
	at com.kms.katalon.core.mobile.keyword.MobileBuiltInKeywords.tap(MobileBuiltInKeywords.groovy:485)
	at com.kms.katalon.core.mobile.keyword.MobileBuiltInKeywords$tap$0.call(Unknown Source)
	at Kirim Pesan Text.run(Kirim Pesan Text:34)
	at com.kms.katalon.core.main.ScriptEngine.run(ScriptEngine.java:194)
	at com.kms.katalon.core.main.ScriptEngine.runScriptAsRawText(ScriptEngine.java:119)
	at com.kms.katalon.core.main.TestCaseExecutor.runScript(TestCaseExecutor.java:331)
	at com.kms.katalon.core.main.TestCaseExecutor.doExecute(TestCaseExecutor.java:322)
	at com.kms.katalon.core.main.TestCaseExecutor.processExecutionPhase(TestCaseExecutor.java:301)
	at com.kms.katalon.core.main.TestCaseExecutor.accessMainPhase(TestCaseExecutor.java:293)
	at com.kms.katalon.core.main.TestCaseExecutor.execute(TestCaseExecutor.java:227)
	at com.kms.katalon.core.main.TestSuiteExecutor.accessTestCaseMainPhase(TestSuiteExecutor.java:129)
	at com.kms.katalon.core.main.TestSuiteExecutor.accessTestSuiteMainPhase(TestSuiteExecutor.java:112)
	at com.kms.katalon.core.main.TestSuiteExecutor.execute(TestSuiteExecutor.java:81)
	at com.kms.katalon.core.main.TestCaseMain.startTestSuite(TestCaseMain.java:157)
	at com.kms.katalon.core.main.TestCaseMain$startTestSuite$0.call(Unknown Source)
	at TempTestSuite1552411492642.run(TempTestSuite1552411492642.groovy:35)]]></system-out>
      <system-err><![CDATA[2019-03-13 00:24:55 - [TEST_SUITE][FAILED] - Smoke Test: Test Cases/Smoke Test/Kirim Pesan Text FAILED.
Reason:
com.kms.katalon.core.exception.StepFailedException: Failed to tap on element 'Object Repository/General/general.btn - Back'
	at com.kms.katalon.core.keyword.internal.KeywordMain.stepFailed(KeywordMain.groovy:48)
	at com.kms.katalon.core.mobile.keyword.internal.MobileKeywordMain.stepFailed(MobileKeywordMain.groovy:40)
	at com.kms.katalon.core.mobile.keyword.internal.MobileKeywordMain.runKeyword(MobileKeywordMain.groovy:23)
	at com.kms.katalon.core.mobile.keyword.builtin.TapKeyword.tap(TapKeyword.groovy:83)
	at com.kms.katalon.core.mobile.keyword.builtin.TapKeyword.execute(TapKeyword.groovy:66)
	at com.kms.katalon.core.keyword.internal.KeywordExecutor.executeKeywordForPlatform(KeywordExecutor.groovy:56)
	at com.kms.katalon.core.mobile.keyword.MobileBuiltInKeywords.tap(MobileBuiltInKeywords.groovy:485)
	at com.kms.katalon.core.mobile.keyword.MobileBuiltInKeywords$tap$0.call(Unknown Source)
	at Kirim Pesan Text.run(Kirim Pesan Text:34)
	at com.kms.katalon.core.main.ScriptEngine.run(ScriptEngine.java:194)
	at com.kms.katalon.core.main.ScriptEngine.runScriptAsRawText(ScriptEngine.java:119)
	at com.kms.katalon.core.main.TestCaseExecutor.runScript(TestCaseExecutor.java:331)
	at com.kms.katalon.core.main.TestCaseExecutor.doExecute(TestCaseExecutor.java:322)
	at com.kms.katalon.core.main.TestCaseExecutor.processExecutionPhase(TestCaseExecutor.java:301)
	at com.kms.katalon.core.main.TestCaseExecutor.accessMainPhase(TestCaseExecutor.java:293)
	at com.kms.katalon.core.main.TestCaseExecutor.execute(TestCaseExecutor.java:227)
	at com.kms.katalon.core.main.TestSuiteExecutor.accessTestCaseMainPhase(TestSuiteExecutor.java:129)
	at com.kms.katalon.core.main.TestSuiteExecutor.accessTestSuiteMainPhase(TestSuiteExecutor.java:112)
	at com.kms.katalon.core.main.TestSuiteExecutor.execute(TestSuiteExecutor.java:81)
	at com.kms.katalon.core.main.TestCaseMain.startTestSuite(TestCaseMain.java:157)
	at com.kms.katalon.core.main.TestCaseMain$startTestSuite$0.call(Unknown Source)
	at TempTestSuite1552411492642.run(TempTestSuite1552411492642.groovy:35)]]></system-err>
   </testsuite>
</testsuites>
