<?xml version="1.0" encoding="UTF-8"?>
<testsuites name="Smoke Test" time="137" tests="1" failures="1" errors="0">
   <testsuite name="Smoke Test" tests="1" failures="1" errors="0" time="137" timestamp="2019-03-09 15:10:42" hostname="geela - 192.168.139.2" id="Test Suites/Smoke Test">
      <properties>
         <property name="deviceName" value="OPPO RMX1805 (Android 8.1.0)"/>
         <property name="devicePlatform" value=""/>
         <property name="logFolder" value="C:\\Users\\geela\\Katalon Studio\\Netzme Smoke Test\\Katalon\\Reports\\Smoke Test\\20190309_151038"/>
         <property name="logFiles" value="C:\\Users\\geela\\Katalon Studio\\Netzme Smoke Test\\Katalon\\Reports\\Smoke Test\\20190309_151038\\appium.log, C:\\Users\\geela\\Katalon Studio\\Netzme Smoke Test\\Katalon\\Reports\\Smoke Test\\20190309_151038\\execution0.log"/>
         <property name="attachments" value="C:\\Users\\geela\\Katalon Studio\\Netzme Smoke Test\\Katalon\\Reports\\Smoke Test\\20190309_151038\\1552119175697.png, C:\\Users\\geela\\Katalon Studio\\Netzme Smoke Test\\Katalon\\Reports\\Smoke Test\\20190309_151038\\1552119176578.png"/>
         <property name="hostName" value="geela - 192.168.139.2"/>
         <property name="os" value="Windows 10 64bit"/>
         <property name="katalonVersion" value="6.0.5.10"/>
         <property name="deviceOS" value="Android"/>
         <property name="appiumVersion" value="1.8.1"/>
         <property name="deviceModel" value="RMX1805"/>
         <property name="hostAddress" value="192.168.139.2"/>
         <property name="deviceManufacturer" value="OPPO"/>
         <property name="deviceId" value="b9decb5a"/>
         <property name="deviceName" value="OPPO RMX1805 (Android 8.1.0)"/>
         <property name="deviceOSVersion" value="8.1.0"/>
      </properties>
      <testcase name="Test Cases/Registrasi" classname="Test Cases/Registrasi" status="PASSED">
         <system-out><![CDATA[2019-03-09 15:10:43 - [TEST_CASE][PASSED] - Test Cases/Registrasi: Test Cases/Registrasi

2019-03-09 15:10:44 - [TEST_STEP][PASSED] - startApplication("C:\Users\geela\Katalon Studio\Netzme Smoke Test\Katalon\Data Files\Netzme.apk", true): Started app at: 'C:\Users\geela\Katalon Studio\Netzme Smoke Test\Katalon\Data Files\Netzme.apk'

2019-03-09 15:10:52 - [MESSAGE][INFO] - Appium server started on port 63,828

2019-03-09 15:11:43 - [MESSAGE][PASSED] - Started app at: 'C:\Users\geela\Katalon Studio\Netzme Smoke Test\Katalon\Data Files\Netzme.apk'

2019-03-09 15:11:43 - [TEST_STEP][PASSED] - delay(5, CONTINUE_ON_FAILURE): Delayed 5 second(s)

2019-03-09 15:11:48 - [MESSAGE][PASSED] - Delayed 5 second(s)

2019-03-09 15:11:48 - [TEST_STEP][PASSED] - tap(findTestObject("Registrasi/Reg.button - NEXT"), 5): Tapped on element 'Object Repository/Registrasi/Reg.button - NEXT'

2019-03-09 15:11:50 - [MESSAGE][PASSED] - Tapped on element 'Object Repository/Registrasi/Reg.button - NEXT'

2019-03-09 15:11:50 - [TEST_STEP][PASSED] - tap(findTestObject("Registrasi/Reg.button - NEXT"), 5): Tapped on element 'Object Repository/Registrasi/Reg.button - NEXT'

2019-03-09 15:11:51 - [MESSAGE][PASSED] - Tapped on element 'Object Repository/Registrasi/Reg.button - NEXT'

2019-03-09 15:11:51 - [TEST_STEP][PASSED] - tap(findTestObject("Registrasi/Reg.button - NEXT"), 5): Tapped on element 'Object Repository/Registrasi/Reg.button - NEXT'

2019-03-09 15:11:53 - [MESSAGE][PASSED] - Tapped on element 'Object Repository/Registrasi/Reg.button - NEXT'

2019-03-09 15:11:53 - [TEST_STEP][PASSED] - tap(findTestObject("Registrasi/Reg.button - NEXT"), 5): Tapped on element 'Object Repository/Registrasi/Reg.button - NEXT'

2019-03-09 15:11:54 - [MESSAGE][PASSED] - Tapped on element 'Object Repository/Registrasi/Reg.button - NEXT'

2019-03-09 15:11:54 - [TEST_STEP][PASSED] - tap(findTestObject("Registrasi/Reg.button - NEXT"), 5): Tapped on element 'Object Repository/Registrasi/Reg.button - NEXT'

2019-03-09 15:11:56 - [MESSAGE][PASSED] - Tapped on element 'Object Repository/Registrasi/Reg.button - NEXT'

2019-03-09 15:11:56 - [TEST_STEP][PASSED] - tap(findTestObject("Registrasi/Reg.button - JOIN NOW"), 5): Tapped on element 'Object Repository/Registrasi/Reg.button - JOIN NOW'

2019-03-09 15:11:58 - [MESSAGE][PASSED] - Tapped on element 'Object Repository/Registrasi/Reg.button - JOIN NOW'

2019-03-09 15:11:58 - [TEST_STEP][PASSED] - setText(findTestObject("Registrasi/Reg.button - Phone number"), "08995097655", 5): Text '08995097655' has been set to element 'Object Repository/Registrasi/Reg.button - Phone number'

2019-03-09 15:11:59 - [MESSAGE][PASSED] - Text '08995097655' has been set to element 'Object Repository/Registrasi/Reg.button - Phone number'

2019-03-09 15:11:59 - [TEST_STEP][PASSED] - tap(findTestObject("Registrasi/Reg.Checkbock - Term  condition"), 5): Tapped on element 'Object Repository/Registrasi/Reg.Checkbock - Term  condition'

2019-03-09 15:12:01 - [MESSAGE][PASSED] - Tapped on element 'Object Repository/Registrasi/Reg.Checkbock - Term  condition'

2019-03-09 15:12:01 - [TEST_STEP][PASSED] - tap(findTestObject("Registrasi/Reg.button - REGISTER"), 5): Tapped on element 'Object Repository/Registrasi/Reg.button - REGISTER'

2019-03-09 15:12:03 - [MESSAGE][PASSED] - Tapped on element 'Object Repository/Registrasi/Reg.button - REGISTER'

2019-03-09 15:12:03 - [TEST_STEP][PASSED] - setText(findTestObject("Registrasi/android.widget.EditText0"), "0000", 5): Text '0000' has been set to element 'Object Repository/Registrasi/android.widget.EditText0'

2019-03-09 15:12:05 - [MESSAGE][PASSED] - Text '0000' has been set to element 'Object Repository/Registrasi/android.widget.EditText0'

2019-03-09 15:12:05 - [TEST_STEP][PASSED] - tap(findTestObject("Registrasi/Reg.button - VERIFY"), 5): Tapped on element 'Object Repository/Registrasi/Reg.button - VERIFY'

2019-03-09 15:12:07 - [MESSAGE][PASSED] - Tapped on element 'Object Repository/Registrasi/Reg.button - VERIFY'

2019-03-09 15:12:07 - [TEST_STEP][PASSED] - tap(findTestObject("General/Button permission - Allow"), 5): Tapped on element 'Object Repository/General/Button permission - Allow'

2019-03-09 15:12:15 - [MESSAGE][PASSED] - Tapped on element 'Object Repository/General/Button permission - Allow'

2019-03-09 15:12:15 - [TEST_STEP][PASSED] - tap(findTestObject("Registrasi/Reg.button - SAVE"), 5): Tapped on element 'Object Repository/Registrasi/Reg.button - SAVE'

2019-03-09 15:12:17 - [MESSAGE][PASSED] - Tapped on element 'Object Repository/Registrasi/Reg.button - SAVE'

2019-03-09 15:12:17 - [TEST_STEP][PASSED] - delay(15, CONTINUE_ON_FAILURE): Delayed 15 second(s)

2019-03-09 15:12:32 - [MESSAGE][PASSED] - Delayed 15 second(s)

2019-03-09 15:12:32 - [TEST_STEP][PASSED] - tap(findTestObject("Registrasi/Reg.checkbox - Dont show me again"), 30): Tapped on element 'Object Repository/Registrasi/Reg.checkbox - Dont show me again'

2019-03-09 15:12:41 - [MESSAGE][PASSED] - Tapped on element 'Object Repository/Registrasi/Reg.checkbox - Dont show me again'

2019-03-09 15:12:41 - [TEST_STEP][PASSED] - delay(5, CONTINUE_ON_FAILURE): Delayed 5 second(s)

2019-03-09 15:12:46 - [MESSAGE][PASSED] - Delayed 5 second(s)

2019-03-09 15:12:46 - [TEST_STEP][PASSED] - tap(findTestObject("Registrasi/Reg.button - CLOSE"), 5): Tapped on element 'Object Repository/Registrasi/Reg.button - CLOSE'

2019-03-09 15:12:47 - [MESSAGE][PASSED] - Tapped on element 'Object Repository/Registrasi/Reg.button - CLOSE']]></system-out>
         <system-err><![CDATA[]]></system-err>
      </testcase>
      <testcase name="Test Cases/Kirim pesan video" classname="Test Cases/Kirim pesan video" status="FAILED">
         <failure type="FAILED" message="Test Cases/Kirim pesan video FAILED.
Reason:
com.kms.katalon.core.exception.StepFailedException: Failed to tap on element 'Object Repository/Smoke Test/android.widget.TextView0 - VIDEO'
	at com.kms.katalon.core.keyword.internal.KeywordMain.stepFailed(KeywordMain.groovy:48)
	at com.kms.katalon.core.mobile.keyword.internal.MobileKeywordMain.stepFailed(MobileKeywordMain.groovy:40)
	at com.kms.katalon.core.mobile.keyword.internal.MobileKeywordMain.runKeyword(MobileKeywordMain.groovy:23)
	at com.kms.katalon.core.mobile.keyword.builtin.TapKeyword.tap(TapKeyword.groovy:83)
	at com.kms.katalon.core.mobile.keyword.builtin.TapKeyword.execute(TapKeyword.groovy:66)
	at com.kms.katalon.core.keyword.internal.KeywordExecutor.executeKeywordForPlatform(KeywordExecutor.groovy:56)
	at com.kms.katalon.core.mobile.keyword.MobileBuiltInKeywords.tap(MobileBuiltInKeywords.groovy:485)
	at com.kms.katalon.core.mobile.keyword.MobileBuiltInKeywords$tap$0.call(Unknown Source)
	at Kirim pesan video.run(Kirim pesan video:25)
	at com.kms.katalon.core.main.ScriptEngine.run(ScriptEngine.java:194)
	at com.kms.katalon.core.main.ScriptEngine.runScriptAsRawText(ScriptEngine.java:119)
	at com.kms.katalon.core.main.TestCaseExecutor.runScript(TestCaseExecutor.java:331)
	at com.kms.katalon.core.main.TestCaseExecutor.doExecute(TestCaseExecutor.java:322)
	at com.kms.katalon.core.main.TestCaseExecutor.processExecutionPhase(TestCaseExecutor.java:301)
	at com.kms.katalon.core.main.TestCaseExecutor.accessMainPhase(TestCaseExecutor.java:293)
	at com.kms.katalon.core.main.TestCaseExecutor.execute(TestCaseExecutor.java:227)
	at com.kms.katalon.core.main.TestSuiteExecutor.accessTestCaseMainPhase(TestSuiteExecutor.java:129)
	at com.kms.katalon.core.main.TestSuiteExecutor.accessTestSuiteMainPhase(TestSuiteExecutor.java:112)
	at com.kms.katalon.core.main.TestSuiteExecutor.execute(TestSuiteExecutor.java:81)
	at com.kms.katalon.core.main.TestCaseMain.startTestSuite(TestCaseMain.java:157)
	at com.kms.katalon.core.main.TestCaseMain$startTestSuite$0.call(Unknown Source)
	at TempTestSuite1552119038336.run(TempTestSuite1552119038336.groovy:35)
"/>
         <system-out><![CDATA[2019-03-09 15:12:47 - [TEST_CASE][FAILED] - Test Cases/Kirim pesan video: Test Cases/Kirim pesan video FAILED.
Reason:
com.kms.katalon.core.exception.StepFailedException: Failed to tap on element 'Object Repository/Smoke Test/android.widget.TextView0 - VIDEO'
	at com.kms.katalon.core.keyword.internal.KeywordMain.stepFailed(KeywordMain.groovy:48)
	at com.kms.katalon.core.mobile.keyword.internal.MobileKeywordMain.stepFailed(MobileKeywordMain.groovy:40)
	at com.kms.katalon.core.mobile.keyword.internal.MobileKeywordMain.runKeyword(MobileKeywordMain.groovy:23)
	at com.kms.katalon.core.mobile.keyword.builtin.TapKeyword.tap(TapKeyword.groovy:83)
	at com.kms.katalon.core.mobile.keyword.builtin.TapKeyword.execute(TapKeyword.groovy:66)
	at com.kms.katalon.core.keyword.internal.KeywordExecutor.executeKeywordForPlatform(KeywordExecutor.groovy:56)
	at com.kms.katalon.core.mobile.keyword.MobileBuiltInKeywords.tap(MobileBuiltInKeywords.groovy:485)
	at com.kms.katalon.core.mobile.keyword.MobileBuiltInKeywords$tap$0.call(Unknown Source)
	at Kirim pesan video.run(Kirim pesan video:25)
	at com.kms.katalon.core.main.ScriptEngine.run(ScriptEngine.java:194)
	at com.kms.katalon.core.main.ScriptEngine.runScriptAsRawText(ScriptEngine.java:119)
	at com.kms.katalon.core.main.TestCaseExecutor.runScript(TestCaseExecutor.java:331)
	at com.kms.katalon.core.main.TestCaseExecutor.doExecute(TestCaseExecutor.java:322)
	at com.kms.katalon.core.main.TestCaseExecutor.processExecutionPhase(TestCaseExecutor.java:301)
	at com.kms.katalon.core.main.TestCaseExecutor.accessMainPhase(TestCaseExecutor.java:293)
	at com.kms.katalon.core.main.TestCaseExecutor.execute(TestCaseExecutor.java:227)
	at com.kms.katalon.core.main.TestSuiteExecutor.accessTestCaseMainPhase(TestSuiteExecutor.java:129)
	at com.kms.katalon.core.main.TestSuiteExecutor.accessTestSuiteMainPhase(TestSuiteExecutor.java:112)
	at com.kms.katalon.core.main.TestSuiteExecutor.execute(TestSuiteExecutor.java:81)
	at com.kms.katalon.core.main.TestCaseMain.startTestSuite(TestCaseMain.java:157)
	at com.kms.katalon.core.main.TestCaseMain$startTestSuite$0.call(Unknown Source)
	at TempTestSuite1552119038336.run(TempTestSuite1552119038336.groovy:35)


2019-03-09 15:12:47 - [TEST_STEP][PASSED] - tap(findTestObject("Smoke Test/android.widget.ImageButton3"), 2): Tapped on element 'Object Repository/Smoke Test/android.widget.ImageButton3'

2019-03-09 15:12:49 - [MESSAGE][PASSED] - Tapped on element 'Object Repository/Smoke Test/android.widget.ImageButton3'

2019-03-09 15:12:49 - [TEST_STEP][PASSED] - tap(findTestObject("Smoke Test/android.widget.TextView3 - 08995097601 (1)"), 2): Tapped on element 'Object Repository/Smoke Test/android.widget.TextView3 - 08995097601 (1)'

2019-03-09 15:12:51 - [MESSAGE][PASSED] - Tapped on element 'Object Repository/Smoke Test/android.widget.TextView3 - 08995097601 (1)'

2019-03-09 15:12:51 - [TEST_STEP][PASSED] - tap(findTestObject("Smoke Test/android.widget.ImageButton0 (1)"), 2): Tapped on element 'Object Repository/Smoke Test/android.widget.ImageButton0 (1)'

2019-03-09 15:12:53 - [MESSAGE][PASSED] - Tapped on element 'Object Repository/Smoke Test/android.widget.ImageButton0 (1)'

2019-03-09 15:12:53 - [TEST_STEP][FAILED] - tap(findTestObject("Smoke Test/android.widget.TextView0 - VIDEO"), 2): tap(findTestObject("Smoke Test/android.widget.TextView0 - VIDEO"), 2) FAILED.
Reason:
com.kms.katalon.core.exception.StepFailedException: Failed to tap on element 'Object Repository/Smoke Test/android.widget.TextView0 - VIDEO'
	at com.kms.katalon.core.keyword.internal.KeywordMain.stepFailed(KeywordMain.groovy:48)
	at com.kms.katalon.core.mobile.keyword.internal.MobileKeywordMain.stepFailed(MobileKeywordMain.groovy:40)
	at com.kms.katalon.core.mobile.keyword.internal.MobileKeywordMain.runKeyword(MobileKeywordMain.groovy:23)
	at com.kms.katalon.core.mobile.keyword.builtin.TapKeyword.tap(TapKeyword.groovy:83)
	at com.kms.katalon.core.mobile.keyword.builtin.TapKeyword.execute(TapKeyword.groovy:66)
	at com.kms.katalon.core.keyword.internal.KeywordExecutor.executeKeywordForPlatform(KeywordExecutor.groovy:56)
	at com.kms.katalon.core.mobile.keyword.MobileBuiltInKeywords.tap(MobileBuiltInKeywords.groovy:485)
	at com.kms.katalon.core.mobile.keyword.MobileBuiltInKeywords$tap$0.call(Unknown Source)
	at Kirim pesan video.run(Kirim pesan video:25)
	at com.kms.katalon.core.main.ScriptEngine.run(ScriptEngine.java:194)
	at com.kms.katalon.core.main.ScriptEngine.runScriptAsRawText(ScriptEngine.java:119)
	at com.kms.katalon.core.main.TestCaseExecutor.runScript(TestCaseExecutor.java:331)
	at com.kms.katalon.core.main.TestCaseExecutor.doExecute(TestCaseExecutor.java:322)
	at com.kms.katalon.core.main.TestCaseExecutor.processExecutionPhase(TestCaseExecutor.java:301)
	at com.kms.katalon.core.main.TestCaseExecutor.accessMainPhase(TestCaseExecutor.java:293)
	at com.kms.katalon.core.main.TestCaseExecutor.execute(TestCaseExecutor.java:227)
	at com.kms.katalon.core.main.TestSuiteExecutor.accessTestCaseMainPhase(TestSuiteExecutor.java:129)
	at com.kms.katalon.core.main.TestSuiteExecutor.accessTestSuiteMainPhase(TestSuiteExecutor.java:112)
	at com.kms.katalon.core.main.TestSuiteExecutor.execute(TestSuiteExecutor.java:81)
	at com.kms.katalon.core.main.TestCaseMain.startTestSuite(TestCaseMain.java:157)
	at com.kms.katalon.core.main.TestCaseMain$startTestSuite$0.call(Unknown Source)
	at TempTestSuite1552119038336.run(TempTestSuite1552119038336.groovy:35)


2019-03-09 15:12:56 - [MESSAGE][FAILED] - Object Object Repository/Smoke Test/android.widget.TextView0 - VIDEO not found
[[ATTACHMENT|C:\\Users\\geela\\Katalon Studio\\Netzme Smoke Test\\Katalon\\Reports\\Smoke Test\\20190309_151038\\1552119175697.png]]

2019-03-09 15:12:57 - [MESSAGE][FAILED] - Failed to tap on element 'Object Repository/Smoke Test/android.widget.TextView0 - VIDEO'
[[ATTACHMENT|C:\\Users\\geela\\Katalon Studio\\Netzme Smoke Test\\Katalon\\Reports\\Smoke Test\\20190309_151038\\1552119176578.png]]

2019-03-09 15:12:57 - [MESSAGE][FAILED] - tap(findTestObject("Smoke Test/android.widget.TextView0 - VIDEO"), 2) FAILED.
Reason:
com.kms.katalon.core.exception.StepFailedException: Failed to tap on element 'Object Repository/Smoke Test/android.widget.TextView0 - VIDEO'
	at com.kms.katalon.core.keyword.internal.KeywordMain.stepFailed(KeywordMain.groovy:48)
	at com.kms.katalon.core.mobile.keyword.internal.MobileKeywordMain.stepFailed(MobileKeywordMain.groovy:40)
	at com.kms.katalon.core.mobile.keyword.internal.MobileKeywordMain.runKeyword(MobileKeywordMain.groovy:23)
	at com.kms.katalon.core.mobile.keyword.builtin.TapKeyword.tap(TapKeyword.groovy:83)
	at com.kms.katalon.core.mobile.keyword.builtin.TapKeyword.execute(TapKeyword.groovy:66)
	at com.kms.katalon.core.keyword.internal.KeywordExecutor.executeKeywordForPlatform(KeywordExecutor.groovy:56)
	at com.kms.katalon.core.mobile.keyword.MobileBuiltInKeywords.tap(MobileBuiltInKeywords.groovy:485)
	at com.kms.katalon.core.mobile.keyword.MobileBuiltInKeywords$tap$0.call(Unknown Source)
	at Kirim pesan video.run(Kirim pesan video:25)
	at com.kms.katalon.core.main.ScriptEngine.run(ScriptEngine.java:194)
	at com.kms.katalon.core.main.ScriptEngine.runScriptAsRawText(ScriptEngine.java:119)
	at com.kms.katalon.core.main.TestCaseExecutor.runScript(TestCaseExecutor.java:331)
	at com.kms.katalon.core.main.TestCaseExecutor.doExecute(TestCaseExecutor.java:322)
	at com.kms.katalon.core.main.TestCaseExecutor.processExecutionPhase(TestCaseExecutor.java:301)
	at com.kms.katalon.core.main.TestCaseExecutor.accessMainPhase(TestCaseExecutor.java:293)
	at com.kms.katalon.core.main.TestCaseExecutor.execute(TestCaseExecutor.java:227)
	at com.kms.katalon.core.main.TestSuiteExecutor.accessTestCaseMainPhase(TestSuiteExecutor.java:129)
	at com.kms.katalon.core.main.TestSuiteExecutor.accessTestSuiteMainPhase(TestSuiteExecutor.java:112)
	at com.kms.katalon.core.main.TestSuiteExecutor.execute(TestSuiteExecutor.java:81)
	at com.kms.katalon.core.main.TestCaseMain.startTestSuite(TestCaseMain.java:157)
	at com.kms.katalon.core.main.TestCaseMain$startTestSuite$0.call(Unknown Source)
	at TempTestSuite1552119038336.run(TempTestSuite1552119038336.groovy:35)]]></system-out>
         <system-err><![CDATA[2019-03-09 15:12:47 - [TEST_CASE][FAILED] - Test Cases/Kirim pesan video: Test Cases/Kirim pesan video FAILED.
Reason:
com.kms.katalon.core.exception.StepFailedException: Failed to tap on element 'Object Repository/Smoke Test/android.widget.TextView0 - VIDEO'
	at com.kms.katalon.core.keyword.internal.KeywordMain.stepFailed(KeywordMain.groovy:48)
	at com.kms.katalon.core.mobile.keyword.internal.MobileKeywordMain.stepFailed(MobileKeywordMain.groovy:40)
	at com.kms.katalon.core.mobile.keyword.internal.MobileKeywordMain.runKeyword(MobileKeywordMain.groovy:23)
	at com.kms.katalon.core.mobile.keyword.builtin.TapKeyword.tap(TapKeyword.groovy:83)
	at com.kms.katalon.core.mobile.keyword.builtin.TapKeyword.execute(TapKeyword.groovy:66)
	at com.kms.katalon.core.keyword.internal.KeywordExecutor.executeKeywordForPlatform(KeywordExecutor.groovy:56)
	at com.kms.katalon.core.mobile.keyword.MobileBuiltInKeywords.tap(MobileBuiltInKeywords.groovy:485)
	at com.kms.katalon.core.mobile.keyword.MobileBuiltInKeywords$tap$0.call(Unknown Source)
	at Kirim pesan video.run(Kirim pesan video:25)
	at com.kms.katalon.core.main.ScriptEngine.run(ScriptEngine.java:194)
	at com.kms.katalon.core.main.ScriptEngine.runScriptAsRawText(ScriptEngine.java:119)
	at com.kms.katalon.core.main.TestCaseExecutor.runScript(TestCaseExecutor.java:331)
	at com.kms.katalon.core.main.TestCaseExecutor.doExecute(TestCaseExecutor.java:322)
	at com.kms.katalon.core.main.TestCaseExecutor.processExecutionPhase(TestCaseExecutor.java:301)
	at com.kms.katalon.core.main.TestCaseExecutor.accessMainPhase(TestCaseExecutor.java:293)
	at com.kms.katalon.core.main.TestCaseExecutor.execute(TestCaseExecutor.java:227)
	at com.kms.katalon.core.main.TestSuiteExecutor.accessTestCaseMainPhase(TestSuiteExecutor.java:129)
	at com.kms.katalon.core.main.TestSuiteExecutor.accessTestSuiteMainPhase(TestSuiteExecutor.java:112)
	at com.kms.katalon.core.main.TestSuiteExecutor.execute(TestSuiteExecutor.java:81)
	at com.kms.katalon.core.main.TestCaseMain.startTestSuite(TestCaseMain.java:157)
	at com.kms.katalon.core.main.TestCaseMain$startTestSuite$0.call(Unknown Source)
	at TempTestSuite1552119038336.run(TempTestSuite1552119038336.groovy:35)]]></system-err>
      </testcase>
      <system-out><![CDATA[2019-03-09 15:10:42 - [TEST_SUITE][FAILED] - Smoke Test: Test Cases/Kirim pesan video FAILED.
Reason:
com.kms.katalon.core.exception.StepFailedException: Failed to tap on element 'Object Repository/Smoke Test/android.widget.TextView0 - VIDEO'
	at com.kms.katalon.core.keyword.internal.KeywordMain.stepFailed(KeywordMain.groovy:48)
	at com.kms.katalon.core.mobile.keyword.internal.MobileKeywordMain.stepFailed(MobileKeywordMain.groovy:40)
	at com.kms.katalon.core.mobile.keyword.internal.MobileKeywordMain.runKeyword(MobileKeywordMain.groovy:23)
	at com.kms.katalon.core.mobile.keyword.builtin.TapKeyword.tap(TapKeyword.groovy:83)
	at com.kms.katalon.core.mobile.keyword.builtin.TapKeyword.execute(TapKeyword.groovy:66)
	at com.kms.katalon.core.keyword.internal.KeywordExecutor.executeKeywordForPlatform(KeywordExecutor.groovy:56)
	at com.kms.katalon.core.mobile.keyword.MobileBuiltInKeywords.tap(MobileBuiltInKeywords.groovy:485)
	at com.kms.katalon.core.mobile.keyword.MobileBuiltInKeywords$tap$0.call(Unknown Source)
	at Kirim pesan video.run(Kirim pesan video:25)
	at com.kms.katalon.core.main.ScriptEngine.run(ScriptEngine.java:194)
	at com.kms.katalon.core.main.ScriptEngine.runScriptAsRawText(ScriptEngine.java:119)
	at com.kms.katalon.core.main.TestCaseExecutor.runScript(TestCaseExecutor.java:331)
	at com.kms.katalon.core.main.TestCaseExecutor.doExecute(TestCaseExecutor.java:322)
	at com.kms.katalon.core.main.TestCaseExecutor.processExecutionPhase(TestCaseExecutor.java:301)
	at com.kms.katalon.core.main.TestCaseExecutor.accessMainPhase(TestCaseExecutor.java:293)
	at com.kms.katalon.core.main.TestCaseExecutor.execute(TestCaseExecutor.java:227)
	at com.kms.katalon.core.main.TestSuiteExecutor.accessTestCaseMainPhase(TestSuiteExecutor.java:129)
	at com.kms.katalon.core.main.TestSuiteExecutor.accessTestSuiteMainPhase(TestSuiteExecutor.java:112)
	at com.kms.katalon.core.main.TestSuiteExecutor.execute(TestSuiteExecutor.java:81)
	at com.kms.katalon.core.main.TestCaseMain.startTestSuite(TestCaseMain.java:157)
	at com.kms.katalon.core.main.TestCaseMain$startTestSuite$0.call(Unknown Source)
	at TempTestSuite1552119038336.run(TempTestSuite1552119038336.groovy:35)]]></system-out>
      <system-err><![CDATA[2019-03-09 15:10:42 - [TEST_SUITE][FAILED] - Smoke Test: Test Cases/Kirim pesan video FAILED.
Reason:
com.kms.katalon.core.exception.StepFailedException: Failed to tap on element 'Object Repository/Smoke Test/android.widget.TextView0 - VIDEO'
	at com.kms.katalon.core.keyword.internal.KeywordMain.stepFailed(KeywordMain.groovy:48)
	at com.kms.katalon.core.mobile.keyword.internal.MobileKeywordMain.stepFailed(MobileKeywordMain.groovy:40)
	at com.kms.katalon.core.mobile.keyword.internal.MobileKeywordMain.runKeyword(MobileKeywordMain.groovy:23)
	at com.kms.katalon.core.mobile.keyword.builtin.TapKeyword.tap(TapKeyword.groovy:83)
	at com.kms.katalon.core.mobile.keyword.builtin.TapKeyword.execute(TapKeyword.groovy:66)
	at com.kms.katalon.core.keyword.internal.KeywordExecutor.executeKeywordForPlatform(KeywordExecutor.groovy:56)
	at com.kms.katalon.core.mobile.keyword.MobileBuiltInKeywords.tap(MobileBuiltInKeywords.groovy:485)
	at com.kms.katalon.core.mobile.keyword.MobileBuiltInKeywords$tap$0.call(Unknown Source)
	at Kirim pesan video.run(Kirim pesan video:25)
	at com.kms.katalon.core.main.ScriptEngine.run(ScriptEngine.java:194)
	at com.kms.katalon.core.main.ScriptEngine.runScriptAsRawText(ScriptEngine.java:119)
	at com.kms.katalon.core.main.TestCaseExecutor.runScript(TestCaseExecutor.java:331)
	at com.kms.katalon.core.main.TestCaseExecutor.doExecute(TestCaseExecutor.java:322)
	at com.kms.katalon.core.main.TestCaseExecutor.processExecutionPhase(TestCaseExecutor.java:301)
	at com.kms.katalon.core.main.TestCaseExecutor.accessMainPhase(TestCaseExecutor.java:293)
	at com.kms.katalon.core.main.TestCaseExecutor.execute(TestCaseExecutor.java:227)
	at com.kms.katalon.core.main.TestSuiteExecutor.accessTestCaseMainPhase(TestSuiteExecutor.java:129)
	at com.kms.katalon.core.main.TestSuiteExecutor.accessTestSuiteMainPhase(TestSuiteExecutor.java:112)
	at com.kms.katalon.core.main.TestSuiteExecutor.execute(TestSuiteExecutor.java:81)
	at com.kms.katalon.core.main.TestCaseMain.startTestSuite(TestCaseMain.java:157)
	at com.kms.katalon.core.main.TestCaseMain$startTestSuite$0.call(Unknown Source)
	at TempTestSuite1552119038336.run(TempTestSuite1552119038336.groovy:35)]]></system-err>
   </testsuite>
</testsuites>
